#
# A fatal error has been detected by the Java Runtime Environment:
#
#  SIGSEGV (0xb) at pc=0x00007fff748d3f49, pid=25264, tid=0x0000000000008303
#
# JRE version: Java(TM) SE Runtime Environment (8.0_152-b16) (build 1.8.0_152-b16)
# Java VM: Java HotSpot(TM) 64-Bit Server VM (25.152-b16 mixed mode bsd-amd64 compressed oops)
# Problematic frame:
# C  [libsystem_platform.dylib+0x4f49]  _platform_memmove$VARIANT$Haswell+0x29
#
# Failed to write core dump. Core dumps have been disabled. To enable core dumping, try "ulimit -c unlimited" before starting Java again
#
# If you would like to submit a bug report, please visit:
#   http://bugreport.java.com/bugreport/crash.jsp
# The crash happened outside the Java Virtual Machine in native code.
# See problematic frame for where to report the bug.
#

---------------  T H R E A D  ---------------

Current thread (0x00007fe6d78e0000):  JavaThread "RMI TCP Connection(70)-127.0.0.1" daemon [_thread_in_native, id=33539, stack(0x00007000046de000,0x00007000047de000)]

siginfo: si_signo: 11 (SIGSEGV), si_code: 1 (SEGV_MAPERR), si_addr: 0x00000001179f1000

Registers:
RAX=0x00007fe6d3ba1000, RBX=0x00000001179e965d, RCX=0x0000000000002a8b, RDX=0x000000000000a400
RSP=0x00007000047d9a80, RBP=0x00007000047d9a80, RSI=0x00000001179f1000, RDI=0x00007fe6d3ba8975
R8 =0x0000000000000000, R9 =0x00000000000080ee, R10=0x0000000000000000, R11=0x00007fe5bc1b7975
R12=0x0000000000003700, R13=0x000000004e492d41, R14=0x00007fe6d3ba1000, R15=0x000000000000a400
RIP=0x00007fff748d3f49, EFLAGS=0x0000000000010206, ERR=0x0000000000000004
  TRAPNO=0x000000000000000e

Top of Stack: (sp=0x00007000047d9a80)
0x00007000047d9a80:   00007000047d9af0 000000010eca0399
0x00007000047d9a90:   00000000047da1d0 0000000000000000
0x00007000047d9aa0:   000000000000a400 00007fe6d8c59f40
0x00007000047d9ab0:   0000000000000000 00007fe6d8e16210
0x00007000047d9ac0:   00007fe6d8ce8c10 00007fe6d8e16210
0x00007000047d9ad0:   00007fe6d8a92b70 00000000000002a0
0x00007000047d9ae0:   00000000497fa543 00007fe6d8e34fc0
0x00007000047d9af0:   00007000047d9b50 000000010eca052d
0x00007000047d9b00:   00007000047d9ba6 00007000047d9ba5
0x00007000047d9b10:   0000003600000000 00000037018e0000
0x00007000047d9b20:   00007000047d9b6e 00007000047d9fb8
0x00007000047d9b30:   0000000000000037 00007000047d9b6e
0x00007000047d9b40:   00007fe6d8e16210 00007fe6d78e01f8
0x00007000047d9b50:   00007000047d9fa0 000000010ec9f238
0x00007000047d9b60:   00007000047da0e8 454d000100000001
0x00007000047d9b70:   732f464e492d4154 2f73656369767265
0x00007000047d9b80:   6e612e786176616a 6e6f697461746f6e
0x00007000047d9b90:   737365636f72702e 636f72502e676e69
0x00007000047d9ba0:   000000726f737365 00007fe6d8f47510
0x00007000047d9bb0:   00007fe6d8f47550 00007fe6d8f47598
0x00007000047d9bc0:   00007fe6d8f47638 00000000000000d8
0x00007000047d9bd0:   00007000047da038 000000011ea95664
0x00007000047d9be0:   00007fe6d8f48560 000000011b20d5a8
0x00007000047d9bf0:   00000007af0161e0 00007000047da170
0x00007000047d9c00:   000000011df94f23 0000000000000000
0x00007000047d9c10:   00007000047d9f28 000000011d962c20
0x00007000047d9c20:   01000007c000ecd0 0000000780028420
0x00007000047d9c30:   00000007af01b8d8 0000000000000000
0x00007000047d9c40:   0000000000000000 0000000000000000
0x00007000047d9c50:   0000000000000000 0000000000000000
0x00007000047d9c60:   0000006000000005 00000007af01b7f0
0x00007000047d9c70:   00007000ffffffff 0000000000000000 

Instructions: (pc=0x00007fff748d3f49)
0x00007fff748d3f29:   f3 48 89 f8 49 39 d3 72 1b 48 83 fa 60 76 2f 48
0x00007fff748d3f39:   81 fa 00 40 00 00 0f 82 cb 00 00 00 48 89 d1 fc
0x00007fff748d3f49:   f3 a4 5d c3 48 39 fe 74 f9 48 01 d6 48 01 d7 48
0x00007fff748d3f59:   83 fa 60 0f 82 8c 01 00 00 e9 a9 01 00 00 48 83 

Register to memory mapping:

RAX=0x00007fe6d3ba1000 is an unknown value
RBX=0x00000001179e965d is an unknown value
RCX=0x0000000000002a8b is an unknown value
RDX=0x000000000000a400 is an unknown value
RSP=0x00007000047d9a80 is pointing into the stack for thread: 0x00007fe6d78e0000
RBP=0x00007000047d9a80 is pointing into the stack for thread: 0x00007fe6d78e0000
RSI=0x00000001179f1000 is an unknown value
RDI=0x00007fe6d3ba8975 is an unknown value
R8 =0x0000000000000000 is an unknown value
R9 =0x00000000000080ee is an unknown value
R10=0x0000000000000000 is an unknown value
R11=0x00007fe5bc1b7975 is an unknown value
R12=0x0000000000003700 is an unknown value
R13=0x000000004e492d41 is an unknown value
R14=0x00007fe6d3ba1000 is an unknown value
R15=0x000000000000a400 is an unknown value


Stack: [0x00007000046de000,0x00007000047de000],  sp=0x00007000047d9a80,  free space=1006k
Native frames: (J=compiled Java code, j=interpreted, Vv=VM code, C=native code)
C  [libsystem_platform.dylib+0x4f49]  _platform_memmove$VARIANT$Haswell+0x29
C  [libzip.dylib+0x3399]  newEntry+0x65b
C  [libzip.dylib+0x352d]  ZIP_GetEntry2+0xd4
C  [libzip.dylib+0x2238]  Java_java_util_zip_ZipFile_getEntry+0xcf
J 124  java.util.zip.ZipFile.getEntry(J[BZ)J (0 bytes) @ 0x000000011da6730e [0x000000011da67240+0xce]
J 10878 C2 java.util.zip.ZipFile.getEntry(Ljava/lang/String;)Ljava/util/zip/ZipEntry; (101 bytes) @ 0x000000011db1ef14 [0x000000011db1eba0+0x374]
J 200 C1 java.util.jar.JarFile.getEntry(Ljava/lang/String;)Ljava/util/zip/ZipEntry; (22 bytes) @ 0x000000011daa5da4 [0x000000011daa5d20+0x84]
j  sun.net.www.protocol.jar.URLJarFile.getEntry(Ljava/lang/String;)Ljava/util/zip/ZipEntry;+2
J 11817 C1 sun.net.www.protocol.jar.JarURLConnection.connect()V (163 bytes) @ 0x000000011e3f1cb4 [0x000000011e3f1600+0x6b4]
j  sun.net.www.protocol.jar.JarURLConnection.getInputStream()Ljava/io/InputStream;+1
j  java.net.URL.openStream()Ljava/io/InputStream;+4
j  java.util.ServiceLoader.parse(Ljava/lang/Class;Ljava/net/URL;)Ljava/util/Iterator;+15
j  java.util.ServiceLoader.access$200(Ljava/util/ServiceLoader;Ljava/lang/Class;Ljava/net/URL;)Ljava/util/Iterator;+3
j  java.util.ServiceLoader$LazyIterator.hasNextService()Z+140
j  java.util.ServiceLoader$LazyIterator.hasNext()Z+11
j  java.util.ServiceLoader$1.hasNext()Z+21
J 7348 C1 kotlin.collections.CollectionsKt___CollectionsKt.toCollection(Ljava/lang/Iterable;Ljava/util/Collection;)Ljava/util/Collection; (49 bytes) @ 0x000000011da684dc [0x000000011da68040+0x49c]
j  kotlin.collections.CollectionsKt___CollectionsKt.toMutableList(Ljava/lang/Iterable;)Ljava/util/List;+32
J 8956 C2 kotlin.collections.CollectionsKt___CollectionsKt.toList(Ljava/lang/Iterable;)Ljava/util/List; (107 bytes) @ 0x000000011f42a4f8 [0x000000011f42a2a0+0x258]
j  org.jetbrains.kotlin.kapt3.ClasspathBasedKapt3Extension.loadProcessors()Ljava/util/List;+190
j  org.jetbrains.kotlin.kapt3.AbstractKapt3Extension.analysisCompleted(Lorg/jetbrains/kotlin/com/intellij/openapi/project/Project;Lorg/jetbrains/kotlin/descriptors/ModuleDescriptor;Lorg/jetbrains/kotlin/resolve/BindingTrace;Ljava/util/Collection;)Lorg/jetbrains/kotlin/analyzer/AnalysisResult;+104
j  org.jetbrains.kotlin.kapt3.ClasspathBasedKapt3Extension.analysisCompleted(Lorg/jetbrains/kotlin/com/intellij/openapi/project/Project;Lorg/jetbrains/kotlin/descriptors/ModuleDescriptor;Lorg/jetbrains/kotlin/resolve/BindingTrace;Ljava/util/Collection;)Lorg/jetbrains/kotlin/analyzer/AnalysisResult;+32
j  org.jetbrains.kotlin.cli.jvm.compiler.TopDownAnalyzerFacadeForJVM$analyzeFilesWithJavaIntegration$2.invoke()Lorg/jetbrains/kotlin/analyzer/AnalysisResult;+46
j  org.jetbrains.kotlin.cli.jvm.compiler.TopDownAnalyzerFacadeForJVM.analyzeFilesWithJavaIntegration(Lorg/jetbrains/kotlin/com/intellij/openapi/project/Project;Ljava/util/Collection;Lorg/jetbrains/kotlin/resolve/BindingTrace;Lorg/jetbrains/kotlin/config/CompilerConfiguration;Lkotlin/jvm/functions/Function1;Lkotlin/jvm/functions/Function2;Lorg/jetbrains/kotlin/com/intellij/psi/search/GlobalSearchScope;)Lorg/jetbrains/kotlin/analyzer/AnalysisResult;+179
j  org.jetbrains.kotlin.cli.jvm.compiler.TopDownAnalyzerFacadeForJVM.analyzeFilesWithJavaIntegration$default(Lorg/jetbrains/kotlin/com/intellij/openapi/project/Project;Ljava/util/Collection;Lorg/jetbrains/kotlin/resolve/BindingTrace;Lorg/jetbrains/kotlin/config/CompilerConfiguration;Lkotlin/jvm/functions/Function1;Lkotlin/jvm/functions/Function2;Lorg/jetbrains/kotlin/com/intellij/psi/search/GlobalSearchScope;ILjava/lang/Object;)Lorg/jetbrains/kotlin/analyzer/AnalysisResult;+44
j  org.jetbrains.kotlin.cli.jvm.compiler.KotlinToJVMBytecodeCompiler$analyze$1.invoke()Lorg/jetbrains/kotlin/analyzer/AnalysisResult;+254
j  org.jetbrains.kotlin.cli.jvm.compiler.KotlinToJVMBytecodeCompiler$analyze$1.invoke()Ljava/lang/Object;+1
j  org.jetbrains.kotlin.cli.common.messages.AnalyzerWithCompilerReport.analyzeAndReport(Ljava/util/Collection;Lkotlin/jvm/functions/Function0;)V+16
j  org.jetbrains.kotlin.cli.jvm.compiler.KotlinToJVMBytecodeCompiler.analyze(Lorg/jetbrains/kotlin/cli/jvm/compiler/KotlinCoreEnvironment;Ljava/lang/String;)Lorg/jetbrains/kotlin/analyzer/AnalysisResult;+49
j  org.jetbrains.kotlin.cli.jvm.compiler.KotlinToJVMBytecodeCompiler.compileModules(Lorg/jetbrains/kotlin/cli/jvm/compiler/KotlinCoreEnvironment;Ljava/io/File;)Z+208
j  org.jetbrains.kotlin.cli.jvm.K2JVMCompiler.doExecute(Lorg/jetbrains/kotlin/cli/common/arguments/K2JVMCompilerArguments;Lorg/jetbrains/kotlin/config/CompilerConfiguration;Lorg/jetbrains/kotlin/com/intellij/openapi/Disposable;Lorg/jetbrains/kotlin/utils/KotlinPaths;)Lorg/jetbrains/kotlin/cli/common/ExitCode;+710
j  org.jetbrains.kotlin.cli.jvm.K2JVMCompiler.doExecute(Lorg/jetbrains/kotlin/cli/common/arguments/CommonCompilerArguments;Lorg/jetbrains/kotlin/config/CompilerConfiguration;Lorg/jetbrains/kotlin/com/intellij/openapi/Disposable;Lorg/jetbrains/kotlin/utils/KotlinPaths;)Lorg/jetbrains/kotlin/cli/common/ExitCode;+9
j  org.jetbrains.kotlin.cli.common.CLICompiler.execImpl(Lorg/jetbrains/kotlin/cli/common/messages/MessageCollector;Lorg/jetbrains/kotlin/config/Services;Lorg/jetbrains/kotlin/cli/common/arguments/CommonCompilerArguments;)Lorg/jetbrains/kotlin/cli/common/ExitCode;+158
j  org.jetbrains.kotlin.cli.common.CLICompiler.execImpl(Lorg/jetbrains/kotlin/cli/common/messages/MessageCollector;Lorg/jetbrains/kotlin/config/Services;Lorg/jetbrains/kotlin/cli/common/arguments/CommonToolArguments;)Lorg/jetbrains/kotlin/cli/common/ExitCode;+7
j  org.jetbrains.kotlin.cli.common.CLITool.exec(Lorg/jetbrains/kotlin/cli/common/messages/MessageCollector;Lorg/jetbrains/kotlin/config/Services;Lorg/jetbrains/kotlin/cli/common/arguments/CommonToolArguments;)Lorg/jetbrains/kotlin/cli/common/ExitCode;+69
j  org.jetbrains.kotlin.incremental.IncrementalJvmCompilerRunner.runCompiler(Ljava/util/Set;Lorg/jetbrains/kotlin/cli/common/arguments/K2JVMCompilerArguments;Lorg/jetbrains/kotlin/incremental/IncrementalJvmCachesManager;Lorg/jetbrains/kotlin/config/Services;Lorg/jetbrains/kotlin/cli/common/messages/MessageCollector;)Lorg/jetbrains/kotlin/cli/common/ExitCode;+200
j  org.jetbrains.kotlin.incremental.IncrementalJvmCompilerRunner.runCompiler(Ljava/util/Set;Lorg/jetbrains/kotlin/cli/common/arguments/CommonCompilerArguments;Lorg/jetbrains/kotlin/incremental/IncrementalCachesManager;Lorg/jetbrains/kotlin/config/Services;Lorg/jetbrains/kotlin/cli/common/messages/MessageCollector;)Lorg/jetbrains/kotlin/cli/common/ExitCode;+14
j  org.jetbrains.kotlin.incremental.IncrementalCompilerRunner.compileIncrementally(Lorg/jetbrains/kotlin/cli/common/arguments/CommonCompilerArguments;Lorg/jetbrains/kotlin/incremental/IncrementalCachesManager;Ljava/util/List;Lorg/jetbrains/kotlin/incremental/IncrementalCompilerRunner$CompilationMode;Lorg/jetbrains/kotlin/cli/common/messages/MessageCollector;)Lorg/jetbrains/kotlin/cli/common/ExitCode;+422
j  org.jetbrains.kotlin.incremental.IncrementalCompilerRunner.access$compileIncrementally(Lorg/jetbrains/kotlin/incremental/IncrementalCompilerRunner;Lorg/jetbrains/kotlin/cli/common/arguments/CommonCompilerArguments;Lorg/jetbrains/kotlin/incremental/IncrementalCachesManager;Ljava/util/List;Lorg/jetbrains/kotlin/incremental/IncrementalCompilerRunner$CompilationMode;Lorg/jetbrains/kotlin/cli/common/messages/MessageCollector;)Lorg/jetbrains/kotlin/cli/common/ExitCode;+8
j  org.jetbrains.kotlin.incremental.IncrementalCompilerRunner$compile$2.invoke()Lorg/jetbrains/kotlin/cli/common/ExitCode;+123
j  org.jetbrains.kotlin.incremental.IncrementalCompilerRunner.compile(Ljava/util/List;Lorg/jetbrains/kotlin/cli/common/arguments/CommonCompilerArguments;Lorg/jetbrains/kotlin/cli/common/messages/MessageCollector;Lkotlin/jvm/functions/Function1;)Lorg/jetbrains/kotlin/cli/common/ExitCode;+194
j  org.jetbrains.kotlin.daemon.CompileServiceImpl.execIncrementalCompiler(Lorg/jetbrains/kotlin/cli/common/arguments/K2JVMCompilerArguments;Lorg/jetbrains/kotlin/daemon/common/IncrementalCompilationOptions;Lorg/jetbrains/kotlin/daemon/common/IncrementalCompilerServicesFacade;Lorg/jetbrains/kotlin/daemon/common/CompilationResults;Lorg/jetbrains/kotlin/cli/common/messages/MessageCollector;Lorg/jetbrains/kotlin/daemon/report/DaemonMessageReporter;)Lorg/jetbrains/kotlin/cli/common/ExitCode;+959
j  org.jetbrains.kotlin.daemon.CompileServiceImpl.access$execIncrementalCompiler(Lorg/jetbrains/kotlin/daemon/CompileServiceImpl;Lorg/jetbrains/kotlin/cli/common/arguments/K2JVMCompilerArguments;Lorg/jetbrains/kotlin/daemon/common/IncrementalCompilationOptions;Lorg/jetbrains/kotlin/daemon/common/IncrementalCompilerServicesFacade;Lorg/jetbrains/kotlin/daemon/common/CompilationResults;Lorg/jetbrains/kotlin/cli/common/messages/MessageCollector;Lorg/jetbrains/kotlin/daemon/report/DaemonMessageReporter;)Lorg/jetbrains/kotlin/cli/common/ExitCode;+10
j  org.jetbrains.kotlin.daemon.CompileServiceImpl$compile$$inlined$ifAlive$lambda$2.invoke(Lorg/jetbrains/kotlin/daemon/EventManager;Lorg/jetbrains/kotlin/daemon/common/Profiler;)Lorg/jetbrains/kotlin/cli/common/ExitCode;+50
j  org.jetbrains.kotlin.daemon.CompileServiceImpl$compile$$inlined$ifAlive$lambda$2.invoke(Ljava/lang/Object;Ljava/lang/Object;)Ljava/lang/Object;+9
j  org.jetbrains.kotlin.daemon.CompileServiceImpl$doCompile$$inlined$ifAlive$lambda$2.invoke()I+12
j  org.jetbrains.kotlin.daemon.CompileServiceImpl$doCompile$$inlined$ifAlive$lambda$2.invoke()Ljava/lang/Object;+1
j  org.jetbrains.kotlin.daemon.common.DummyProfiler.withMeasure(Ljava/lang/Object;Lkotlin/jvm/functions/Function0;)Ljava/lang/Object;+7
j  org.jetbrains.kotlin.daemon.CompileServiceImpl.checkedCompile(Lorg/jetbrains/kotlin/daemon/report/DaemonMessageReporter;Lorg/jetbrains/kotlin/daemon/common/Profiler;Lkotlin/jvm/functions/Function0;)Ljava/lang/Object;+41
j  org.jetbrains.kotlin.daemon.CompileServiceImpl.doCompile(ILorg/jetbrains/kotlin/daemon/report/DaemonMessageReporter;Lorg/jetbrains/kotlin/daemon/common/RemoteOperationsTracer;Lkotlin/jvm/functions/Function2;)Lorg/jetbrains/kotlin/daemon/common/CompileService$CallResult;+300
j  org.jetbrains.kotlin.daemon.CompileServiceImpl.compile(I[Ljava/lang/String;Lorg/jetbrains/kotlin/daemon/common/CompilationOptions;Lorg/jetbrains/kotlin/daemon/common/CompilerServicesFacadeBase;Lorg/jetbrains/kotlin/daemon/common/CompilationResults;)Lorg/jetbrains/kotlin/daemon/common/CompileService$CallResult;+655
j  sun.reflect.GeneratedMethodAccessor80.invoke(Ljava/lang/Object;[Ljava/lang/Object;)Ljava/lang/Object;+146
J 1147 C1 sun.reflect.DelegatingMethodAccessorImpl.invoke(Ljava/lang/Object;[Ljava/lang/Object;)Ljava/lang/Object; (10 bytes) @ 0x000000011dcb4a8c [0x000000011dcb4980+0x10c]
J 1146 C1 java.lang.reflect.Method.invoke(Ljava/lang/Object;[Ljava/lang/Object;)Ljava/lang/Object; (62 bytes) @ 0x000000011dcb525c [0x000000011dcb4e60+0x3fc]
j  sun.rmi.server.UnicastServerRef.dispatch(Ljava/rmi/Remote;Ljava/rmi/server/RemoteCall;)V+231
j  sun.rmi.transport.Transport$1.run()Ljava/lang/Void;+23
j  sun.rmi.transport.Transport$1.run()Ljava/lang/Object;+1
v  ~StubRoutines::call_stub
V  [libjvm.dylib+0x2ef7b2]
V  [libjvm.dylib+0x34ff7c]
J 190  java.security.AccessController.doPrivileged(Ljava/security/PrivilegedExceptionAction;Ljava/security/AccessControlContext;)Ljava/lang/Object; (0 bytes) @ 0x000000011daa0295 [0x000000011daa01c0+0xd5]
j  sun.rmi.transport.Transport.serviceCall(Ljava/rmi/server/RemoteCall;)Z+157
j  sun.rmi.transport.tcp.TCPTransport.handleMessages(Lsun/rmi/transport/Connection;Z)V+185
j  sun.rmi.transport.tcp.TCPTransport$ConnectionHandler.run0()V+680
j  sun.rmi.transport.tcp.TCPTransport$ConnectionHandler.lambda$run$0()Ljava/lang/Void;+1
j  sun.rmi.transport.tcp.TCPTransport$ConnectionHandler$$Lambda$6.run()Ljava/lang/Object;+4
v  ~StubRoutines::call_stub
V  [libjvm.dylib+0x2ef7b2]
V  [libjvm.dylib+0x34ff7c]
J 7077  java.security.AccessController.doPrivileged(Ljava/security/PrivilegedAction;Ljava/security/AccessControlContext;)Ljava/lang/Object; (0 bytes) @ 0x000000011e60e795 [0x000000011e60e6c0+0xd5]
j  sun.rmi.transport.tcp.TCPTransport$ConnectionHandler.run()V+58
j  java.util.concurrent.ThreadPoolExecutor.runWorker(Ljava/util/concurrent/ThreadPoolExecutor$Worker;)V+95
j  java.util.concurrent.ThreadPoolExecutor$Worker.run()V+5
j  java.lang.Thread.run()V+11
v  ~StubRoutines::call_stub
V  [libjvm.dylib+0x2ef7b2]
V  [libjvm.dylib+0x2eff56]
V  [libjvm.dylib+0x2f0102]
V  [libjvm.dylib+0x34a8c5]
V  [libjvm.dylib+0x56e327]
V  [libjvm.dylib+0x56fa14]
V  [libjvm.dylib+0x48d542]
C  [libsystem_pthread.dylib+0x36c1]  _pthread_body+0x154
C  [libsystem_pthread.dylib+0x356d]  _pthread_body+0x0
C  [libsystem_pthread.dylib+0x2c5d]  thread_start+0xd
C  0x0000000000000000

Java frames: (J=compiled Java code, j=interpreted, Vv=VM code)
J 124  java.util.zip.ZipFile.getEntry(J[BZ)J (0 bytes) @ 0x000000011da67298 [0x000000011da67240+0x58]
J 10878 C2 java.util.zip.ZipFile.getEntry(Ljava/lang/String;)Ljava/util/zip/ZipEntry; (101 bytes) @ 0x000000011db1ef14 [0x000000011db1eba0+0x374]
J 200 C1 java.util.jar.JarFile.getEntry(Ljava/lang/String;)Ljava/util/zip/ZipEntry; (22 bytes) @ 0x000000011daa5da4 [0x000000011daa5d20+0x84]
j  sun.net.www.protocol.jar.URLJarFile.getEntry(Ljava/lang/String;)Ljava/util/zip/ZipEntry;+2
J 11817 C1 sun.net.www.protocol.jar.JarURLConnection.connect()V (163 bytes) @ 0x000000011e3f1cb4 [0x000000011e3f1600+0x6b4]
j  sun.net.www.protocol.jar.JarURLConnection.getInputStream()Ljava/io/InputStream;+1
j  java.net.URL.openStream()Ljava/io/InputStream;+4
j  java.util.ServiceLoader.parse(Ljava/lang/Class;Ljava/net/URL;)Ljava/util/Iterator;+15
j  java.util.ServiceLoader.access$200(Ljava/util/ServiceLoader;Ljava/lang/Class;Ljava/net/URL;)Ljava/util/Iterator;+3
j  java.util.ServiceLoader$LazyIterator.hasNextService()Z+140
j  java.util.ServiceLoader$LazyIterator.hasNext()Z+11
j  java.util.ServiceLoader$1.hasNext()Z+21
J 7348 C1 kotlin.collections.CollectionsKt___CollectionsKt.toCollection(Ljava/lang/Iterable;Ljava/util/Collection;)Ljava/util/Collection; (49 bytes) @ 0x000000011da684dc [0x000000011da68040+0x49c]
j  kotlin.collections.CollectionsKt___CollectionsKt.toMutableList(Ljava/lang/Iterable;)Ljava/util/List;+32
J 8956 C2 kotlin.collections.CollectionsKt___CollectionsKt.toList(Ljava/lang/Iterable;)Ljava/util/List; (107 bytes) @ 0x000000011f42a4f8 [0x000000011f42a2a0+0x258]
j  org.jetbrains.kotlin.kapt3.ClasspathBasedKapt3Extension.loadProcessors()Ljava/util/List;+190
j  org.jetbrains.kotlin.kapt3.AbstractKapt3Extension.analysisCompleted(Lorg/jetbrains/kotlin/com/intellij/openapi/project/Project;Lorg/jetbrains/kotlin/descriptors/ModuleDescriptor;Lorg/jetbrains/kotlin/resolve/BindingTrace;Ljava/util/Collection;)Lorg/jetbrains/kotlin/analyzer/AnalysisResult;+104
j  org.jetbrains.kotlin.kapt3.ClasspathBasedKapt3Extension.analysisCompleted(Lorg/jetbrains/kotlin/com/intellij/openapi/project/Project;Lorg/jetbrains/kotlin/descriptors/ModuleDescriptor;Lorg/jetbrains/kotlin/resolve/BindingTrace;Ljava/util/Collection;)Lorg/jetbrains/kotlin/analyzer/AnalysisResult;+32
j  org.jetbrains.kotlin.cli.jvm.compiler.TopDownAnalyzerFacadeForJVM$analyzeFilesWithJavaIntegration$2.invoke()Lorg/jetbrains/kotlin/analyzer/AnalysisResult;+46
j  org.jetbrains.kotlin.cli.jvm.compiler.TopDownAnalyzerFacadeForJVM.analyzeFilesWithJavaIntegration(Lorg/jetbrains/kotlin/com/intellij/openapi/project/Project;Ljava/util/Collection;Lorg/jetbrains/kotlin/resolve/BindingTrace;Lorg/jetbrains/kotlin/config/CompilerConfiguration;Lkotlin/jvm/functions/Function1;Lkotlin/jvm/functions/Function2;Lorg/jetbrains/kotlin/com/intellij/psi/search/GlobalSearchScope;)Lorg/jetbrains/kotlin/analyzer/AnalysisResult;+179
j  org.jetbrains.kotlin.cli.jvm.compiler.TopDownAnalyzerFacadeForJVM.analyzeFilesWithJavaIntegration$default(Lorg/jetbrains/kotlin/com/intellij/openapi/project/Project;Ljava/util/Collection;Lorg/jetbrains/kotlin/resolve/BindingTrace;Lorg/jetbrains/kotlin/config/CompilerConfiguration;Lkotlin/jvm/functions/Function1;Lkotlin/jvm/functions/Function2;Lorg/jetbrains/kotlin/com/intellij/psi/search/GlobalSearchScope;ILjava/lang/Object;)Lorg/jetbrains/kotlin/analyzer/AnalysisResult;+44
j  org.jetbrains.kotlin.cli.jvm.compiler.KotlinToJVMBytecodeCompiler$analyze$1.invoke()Lorg/jetbrains/kotlin/analyzer/AnalysisResult;+254
j  org.jetbrains.kotlin.cli.jvm.compiler.KotlinToJVMBytecodeCompiler$analyze$1.invoke()Ljava/lang/Object;+1
j  org.jetbrains.kotlin.cli.common.messages.AnalyzerWithCompilerReport.analyzeAndReport(Ljava/util/Collection;Lkotlin/jvm/functions/Function0;)V+16
j  org.jetbrains.kotlin.cli.jvm.compiler.KotlinToJVMBytecodeCompiler.analyze(Lorg/jetbrains/kotlin/cli/jvm/compiler/KotlinCoreEnvironment;Ljava/lang/String;)Lorg/jetbrains/kotlin/analyzer/AnalysisResult;+49
j  org.jetbrains.kotlin.cli.jvm.compiler.KotlinToJVMBytecodeCompiler.compileModules(Lorg/jetbrains/kotlin/cli/jvm/compiler/KotlinCoreEnvironment;Ljava/io/File;)Z+208
j  org.jetbrains.kotlin.cli.jvm.K2JVMCompiler.doExecute(Lorg/jetbrains/kotlin/cli/common/arguments/K2JVMCompilerArguments;Lorg/jetbrains/kotlin/config/CompilerConfiguration;Lorg/jetbrains/kotlin/com/intellij/openapi/Disposable;Lorg/jetbrains/kotlin/utils/KotlinPaths;)Lorg/jetbrains/kotlin/cli/common/ExitCode;+710
j  org.jetbrains.kotlin.cli.jvm.K2JVMCompiler.doExecute(Lorg/jetbrains/kotlin/cli/common/arguments/CommonCompilerArguments;Lorg/jetbrains/kotlin/config/CompilerConfiguration;Lorg/jetbrains/kotlin/com/intellij/openapi/Disposable;Lorg/jetbrains/kotlin/utils/KotlinPaths;)Lorg/jetbrains/kotlin/cli/common/ExitCode;+9
j  org.jetbrains.kotlin.cli.common.CLICompiler.execImpl(Lorg/jetbrains/kotlin/cli/common/messages/MessageCollector;Lorg/jetbrains/kotlin/config/Services;Lorg/jetbrains/kotlin/cli/common/arguments/CommonCompilerArguments;)Lorg/jetbrains/kotlin/cli/common/ExitCode;+158
j  org.jetbrains.kotlin.cli.common.CLICompiler.execImpl(Lorg/jetbrains/kotlin/cli/common/messages/MessageCollector;Lorg/jetbrains/kotlin/config/Services;Lorg/jetbrains/kotlin/cli/common/arguments/CommonToolArguments;)Lorg/jetbrains/kotlin/cli/common/ExitCode;+7
j  org.jetbrains.kotlin.cli.common.CLITool.exec(Lorg/jetbrains/kotlin/cli/common/messages/MessageCollector;Lorg/jetbrains/kotlin/config/Services;Lorg/jetbrains/kotlin/cli/common/arguments/CommonToolArguments;)Lorg/jetbrains/kotlin/cli/common/ExitCode;+69
j  org.jetbrains.kotlin.incremental.IncrementalJvmCompilerRunner.runCompiler(Ljava/util/Set;Lorg/jetbrains/kotlin/cli/common/arguments/K2JVMCompilerArguments;Lorg/jetbrains/kotlin/incremental/IncrementalJvmCachesManager;Lorg/jetbrains/kotlin/config/Services;Lorg/jetbrains/kotlin/cli/common/messages/MessageCollector;)Lorg/jetbrains/kotlin/cli/common/ExitCode;+200
j  org.jetbrains.kotlin.incremental.IncrementalJvmCompilerRunner.runCompiler(Ljava/util/Set;Lorg/jetbrains/kotlin/cli/common/arguments/CommonCompilerArguments;Lorg/jetbrains/kotlin/incremental/IncrementalCachesManager;Lorg/jetbrains/kotlin/config/Services;Lorg/jetbrains/kotlin/cli/common/messages/MessageCollector;)Lorg/jetbrains/kotlin/cli/common/ExitCode;+14
j  org.jetbrains.kotlin.incremental.IncrementalCompilerRunner.compileIncrementally(Lorg/jetbrains/kotlin/cli/common/arguments/CommonCompilerArguments;Lorg/jetbrains/kotlin/incremental/IncrementalCachesManager;Ljava/util/List;Lorg/jetbrains/kotlin/incremental/IncrementalCompilerRunner$CompilationMode;Lorg/jetbrains/kotlin/cli/common/messages/MessageCollector;)Lorg/jetbrains/kotlin/cli/common/ExitCode;+422
j  org.jetbrains.kotlin.incremental.IncrementalCompilerRunner.access$compileIncrementally(Lorg/jetbrains/kotlin/incremental/IncrementalCompilerRunner;Lorg/jetbrains/kotlin/cli/common/arguments/CommonCompilerArguments;Lorg/jetbrains/kotlin/incremental/IncrementalCachesManager;Ljava/util/List;Lorg/jetbrains/kotlin/incremental/IncrementalCompilerRunner$CompilationMode;Lorg/jetbrains/kotlin/cli/common/messages/MessageCollector;)Lorg/jetbrains/kotlin/cli/common/ExitCode;+8
j  org.jetbrains.kotlin.incremental.IncrementalCompilerRunner$compile$2.invoke()Lorg/jetbrains/kotlin/cli/common/ExitCode;+123
j  org.jetbrains.kotlin.incremental.IncrementalCompilerRunner.compile(Ljava/util/List;Lorg/jetbrains/kotlin/cli/common/arguments/CommonCompilerArguments;Lorg/jetbrains/kotlin/cli/common/messages/MessageCollector;Lkotlin/jvm/functions/Function1;)Lorg/jetbrains/kotlin/cli/common/ExitCode;+194
j  org.jetbrains.kotlin.daemon.CompileServiceImpl.execIncrementalCompiler(Lorg/jetbrains/kotlin/cli/common/arguments/K2JVMCompilerArguments;Lorg/jetbrains/kotlin/daemon/common/IncrementalCompilationOptions;Lorg/jetbrains/kotlin/daemon/common/IncrementalCompilerServicesFacade;Lorg/jetbrains/kotlin/daemon/common/CompilationResults;Lorg/jetbrains/kotlin/cli/common/messages/MessageCollector;Lorg/jetbrains/kotlin/daemon/report/DaemonMessageReporter;)Lorg/jetbrains/kotlin/cli/common/ExitCode;+959
j  org.jetbrains.kotlin.daemon.CompileServiceImpl.access$execIncrementalCompiler(Lorg/jetbrains/kotlin/daemon/CompileServiceImpl;Lorg/jetbrains/kotlin/cli/common/arguments/K2JVMCompilerArguments;Lorg/jetbrains/kotlin/daemon/common/IncrementalCompilationOptions;Lorg/jetbrains/kotlin/daemon/common/IncrementalCompilerServicesFacade;Lorg/jetbrains/kotlin/daemon/common/CompilationResults;Lorg/jetbrains/kotlin/cli/common/messages/MessageCollector;Lorg/jetbrains/kotlin/daemon/report/DaemonMessageReporter;)Lorg/jetbrains/kotlin/cli/common/ExitCode;+10
j  org.jetbrains.kotlin.daemon.CompileServiceImpl$compile$$inlined$ifAlive$lambda$2.invoke(Lorg/jetbrains/kotlin/daemon/EventManager;Lorg/jetbrains/kotlin/daemon/common/Profiler;)Lorg/jetbrains/kotlin/cli/common/ExitCode;+50
j  org.jetbrains.kotlin.daemon.CompileServiceImpl$compile$$inlined$ifAlive$lambda$2.invoke(Ljava/lang/Object;Ljava/lang/Object;)Ljava/lang/Object;+9
j  org.jetbrains.kotlin.daemon.CompileServiceImpl$doCompile$$inlined$ifAlive$lambda$2.invoke()I+12
j  org.jetbrains.kotlin.daemon.CompileServiceImpl$doCompile$$inlined$ifAlive$lambda$2.invoke()Ljava/lang/Object;+1
j  org.jetbrains.kotlin.daemon.common.DummyProfiler.withMeasure(Ljava/lang/Object;Lkotlin/jvm/functions/Function0;)Ljava/lang/Object;+7
j  org.jetbrains.kotlin.daemon.CompileServiceImpl.checkedCompile(Lorg/jetbrains/kotlin/daemon/report/DaemonMessageReporter;Lorg/jetbrains/kotlin/daemon/common/Profiler;Lkotlin/jvm/functions/Function0;)Ljava/lang/Object;+41
j  org.jetbrains.kotlin.daemon.CompileServiceImpl.doCompile(ILorg/jetbrains/kotlin/daemon/report/DaemonMessageReporter;Lorg/jetbrains/kotlin/daemon/common/RemoteOperationsTracer;Lkotlin/jvm/functions/Function2;)Lorg/jetbrains/kotlin/daemon/common/CompileService$CallResult;+300
j  org.jetbrains.kotlin.daemon.CompileServiceImpl.compile(I[Ljava/lang/String;Lorg/jetbrains/kotlin/daemon/common/CompilationOptions;Lorg/jetbrains/kotlin/daemon/common/CompilerServicesFacadeBase;Lorg/jetbrains/kotlin/daemon/common/CompilationResults;)Lorg/jetbrains/kotlin/daemon/common/CompileService$CallResult;+655
j  sun.reflect.GeneratedMethodAccessor80.invoke(Ljava/lang/Object;[Ljava/lang/Object;)Ljava/lang/Object;+146
J 1147 C1 sun.reflect.DelegatingMethodAccessorImpl.invoke(Ljava/lang/Object;[Ljava/lang/Object;)Ljava/lang/Object; (10 bytes) @ 0x000000011dcb4a8c [0x000000011dcb4980+0x10c]
J 1146 C1 java.lang.reflect.Method.invoke(Ljava/lang/Object;[Ljava/lang/Object;)Ljava/lang/Object; (62 bytes) @ 0x000000011dcb525c [0x000000011dcb4e60+0x3fc]
j  sun.rmi.server.UnicastServerRef.dispatch(Ljava/rmi/Remote;Ljava/rmi/server/RemoteCall;)V+231
j  sun.rmi.transport.Transport$1.run()Ljava/lang/Void;+23
j  sun.rmi.transport.Transport$1.run()Ljava/lang/Object;+1
v  ~StubRoutines::call_stub
J 190  java.security.AccessController.doPrivileged(Ljava/security/PrivilegedExceptionAction;Ljava/security/AccessControlContext;)Ljava/lang/Object; (0 bytes) @ 0x000000011daa0223 [0x000000011daa01c0+0x63]
j  sun.rmi.transport.Transport.serviceCall(Ljava/rmi/server/RemoteCall;)Z+157
j  sun.rmi.transport.tcp.TCPTransport.handleMessages(Lsun/rmi/transport/Connection;Z)V+185
j  sun.rmi.transport.tcp.TCPTransport$ConnectionHandler.run0()V+680
j  sun.rmi.transport.tcp.TCPTransport$ConnectionHandler.lambda$run$0()Ljava/lang/Void;+1
j  sun.rmi.transport.tcp.TCPTransport$ConnectionHandler$$Lambda$6.run()Ljava/lang/Object;+4
v  ~StubRoutines::call_stub
J 7077  java.security.AccessController.doPrivileged(Ljava/security/PrivilegedAction;Ljava/security/AccessControlContext;)Ljava/lang/Object; (0 bytes) @ 0x000000011e60e723 [0x000000011e60e6c0+0x63]
j  sun.rmi.transport.tcp.TCPTransport$ConnectionHandler.run()V+58
j  java.util.concurrent.ThreadPoolExecutor.runWorker(Ljava/util/concurrent/ThreadPoolExecutor$Worker;)V+95
j  java.util.concurrent.ThreadPoolExecutor$Worker.run()V+5
j  java.lang.Thread.run()V+11
v  ~StubRoutines::call_stub

---------------  P R O C E S S  ---------------

Java Threads: ( => current thread )
  0x00007fe6d33df800 JavaThread "RMI RenewClean-[127.0.0.1:64579,org.jetbrains.kotlin.daemon.common.LoopbackNetworkInterface$ClientLoopbackSocketFactory@2940fcb4]" daemon [_thread_blocked, id=34051, stack(0x00007000047e1000,0x00007000048e1000)]
=>0x00007fe6d78e0000 JavaThread "RMI TCP Connection(70)-127.0.0.1" daemon [_thread_in_native, id=33539, stack(0x00007000046de000,0x00007000047de000)]
  0x00007fe6db524800 JavaThread "RMI TCP Connection(69)-127.0.0.1" daemon [_thread_in_native, id=28691, stack(0x0000700003bbd000,0x0000700003cbd000)]
  0x00007fe6d494c000 JavaThread "RMI RenewClean-[127.0.0.1:64579,org.jetbrains.kotlin.daemon.common.LoopbackNetworkInterface$ClientLoopbackSocketFactory@3d9e4186]" daemon [_thread_blocked, id=33027, stack(0x00007000045db000,0x00007000046db000)]
  0x00007fe6d4ad4800 JavaThread "RMI TCP Connection(68)-127.0.0.1" daemon [_thread_in_native, id=32515, stack(0x00007000044d8000,0x00007000045d8000)]
  0x00007fe6d7121800 JavaThread "RMI TCP Connection(67)-127.0.0.1" daemon [_thread_in_native, id=31491, stack(0x00007000042d2000,0x00007000043d2000)]
  0x00007fe6d581c000 JavaThread "RMI TCP Connection(66)-127.0.0.1" daemon [_thread_in_native, id=30979, stack(0x00007000041cf000,0x00007000042cf000)]
  0x00007fe6d5a31000 JavaThread "RMI TCP Connection(65)-127.0.0.1" daemon [_thread_in_native, id=30467, stack(0x00007000040cc000,0x00007000041cc000)]
  0x00007fe6da048000 JavaThread "RMI TCP Connection(63)-127.0.0.1" daemon [_thread_in_native, id=29955, stack(0x0000700003fc9000,0x00007000040c9000)]
  0x00007fe6d7be0000 JavaThread "RMI TCP Connection(64)-127.0.0.1" daemon [_thread_in_native, id=29443, stack(0x0000700003ec6000,0x0000700003fc6000)]
  0x00007fe6d334e000 JavaThread "RMI TCP Connection(55)-127.0.0.1" daemon [_thread_in_native, id=23059, stack(0x0000700003aba000,0x0000700003bba000)]
  0x00007fe6d2e2c000 JavaThread "RMI RenewClean-[127.0.0.1:64579,org.jetbrains.kotlin.daemon.common.LoopbackNetworkInterface$ClientLoopbackSocketFactory@58740292]" daemon [_thread_blocked, id=28931, stack(0x0000700003dc3000,0x0000700003ec3000)]
  0x00007fe6d4cd3000 JavaThread "RMI TCP Connection(56)-127.0.0.1" daemon [_thread_in_native, id=4367, stack(0x0000700003cc0000,0x0000700003dc0000)]
  0x00007fe6d78f7800 JavaThread "RMI TCP Connection(57)-127.0.0.1" daemon [_thread_in_native, id=5143, stack(0x00007000038b4000,0x00007000039b4000)]
  0x00007fe6d3544800 JavaThread "RMI TCP Connection(58)-127.0.0.1" daemon [_thread_in_native, id=27923, stack(0x00007000039b7000,0x0000700003ab7000)]
  0x00007fe6d5a02000 JavaThread "RMI TCP Connection(59)-127.0.0.1" daemon [_thread_in_native, id=26631, stack(0x00007000034a8000,0x00007000035a8000)]
  0x00007fe6d60bb800 JavaThread "RMI RenewClean-[127.0.0.1:64579,org.jetbrains.kotlin.daemon.common.LoopbackNetworkInterface$ClientLoopbackSocketFactory@16ade544]" daemon [_thread_blocked, id=27407, stack(0x00007000037b1000,0x00007000038b1000)]
  0x00007fe6d4ad6000 JavaThread "RMI TCP Connection(60)-127.0.0.1" daemon [_thread_in_native, id=25619, stack(0x00007000036ae000,0x00007000037ae000)]
  0x00007fe6d8017000 JavaThread "RMI TCP Connection(61)-127.0.0.1" daemon [_thread_in_native, id=24631, stack(0x000070000319f000,0x000070000329f000)]
  0x00007fe6d78a4000 JavaThread "RMI TCP Connection(62)-127.0.0.1" daemon [_thread_in_native, id=24887, stack(0x0000700001ad7000,0x0000700001bd7000)]
  0x00007fe6d391f000 JavaThread "RMI Scheduler(0)" daemon [_thread_blocked, id=25091, stack(0x00007000035ab000,0x00007000036ab000)]
  0x00007fe6d3001000 JavaThread "DestroyJavaVM" [_thread_blocked, id=6915, stack(0x0000700001c60000,0x0000700001d60000)]
  0x00007fe6d28c4000 JavaThread "GC Daemon" daemon [_thread_blocked, id=24067, stack(0x00007000033a5000,0x00007000034a5000)]
  0x00007fe6d28c3800 JavaThread "RMI Reaper" [_thread_blocked, id=23555, stack(0x00007000032a2000,0x00007000033a2000)]
  0x00007fe6d504a000 JavaThread "Timer-0" daemon [_thread_blocked, id=22531, stack(0x000070000309c000,0x000070000319c000)]
  0x00007fe6d38e4000 JavaThread "RMI TCP Accept-17748" daemon [_thread_in_native, id=22019, stack(0x0000700002f99000,0x0000700003099000)]
  0x00007fe6d3812800 JavaThread "Service Thread" daemon [_thread_blocked, id=20995, stack(0x0000700002d93000,0x0000700002e93000)]
  0x00007fe6d2801000 JavaThread "C1 CompilerThread3" daemon [_thread_blocked, id=20483, stack(0x0000700002c90000,0x0000700002d90000)]
  0x00007fe6d205b800 JavaThread "C2 CompilerThread2" daemon [_thread_in_native, id=19971, stack(0x0000700002b8d000,0x0000700002c8d000)]
  0x00007fe6d2054800 JavaThread "C2 CompilerThread1" daemon [_thread_in_native, id=19459, stack(0x0000700002a8a000,0x0000700002b8a000)]
  0x00007fe6d2052800 JavaThread "C2 CompilerThread0" daemon [_thread_in_native, id=18947, stack(0x0000700002987000,0x0000700002a87000)]
  0x00007fe6d2017000 JavaThread "Signal Dispatcher" daemon [_thread_blocked, id=18443, stack(0x0000700002884000,0x0000700002984000)]
  0x00007fe6d2021000 JavaThread "Finalizer" daemon [_thread_blocked, id=15107, stack(0x0000700002781000,0x0000700002881000)]
  0x00007fe6d201e800 JavaThread "Reference Handler" daemon [_thread_blocked, id=14595, stack(0x000070000267e000,0x000070000277e000)]

Other Threads:
  0x00007fe6d3811000 VMThread [stack: 0x000070000257b000,0x000070000267b000] [id=14083]
  0x00007fe6d2838800 WatcherThread [stack: 0x0000700002e96000,0x0000700002f96000] [id=21507]

VM state:not at safepoint (normal execution)

VM Mutex/Monitor currently owned by a thread: None

Heap:
 PSYoungGen      total 299520K, used 76295K [0x00000007aab00000, 0x00000007c0000000, 0x00000007c0000000)
  eden space 253440K, 27% used [0x00000007aab00000,0x00000007af033498,0x00000007ba280000)
  from space 46080K, 11% used [0x00000007bd080000,0x00000007bd5ceb38,0x00000007bfd80000)
  to   space 47104K, 0% used [0x00000007ba280000,0x00000007ba280000,0x00000007bd080000)
 ParOldGen       total 201216K, used 49480K [0x0000000780000000, 0x000000078c480000, 0x00000007aab00000)
  object space 201216K, 24% used [0x0000000780000000,0x0000000783052300,0x000000078c480000)
 Metaspace       used 68366K, capacity 70508K, committed 70548K, reserved 1112064K
  class space    used 8166K, capacity 8634K, committed 8636K, reserved 1048576K

Card table byte_map: [0x000000011116c000,0x000000011136d000] byte_map_base: 0x000000010d56c000

Marking Bits: (ParMarkBitMap*) 0x00000001106f66c0
 Begin Bits: [0x000000011136d000, 0x000000011236d000)
 End Bits:   [0x000000011236d000, 0x000000011336d000)

Polling page: 0x000000010ec53000

CodeCache: size=245760Kb used=49579Kb max_used=49586Kb free=196180Kb
 bounds [0x000000011d91c000, 0x00000001209cc000, 0x000000012c91c000]
 total_blobs=14349 nmethods=13782 adapters=476
 compilation: enabled

Compilation events (10 events):
Event: 2398.465 Thread 0x00007fe6d2801000 16489       3       org.jetbrains.kotlin.descriptors.annotations.AnnotationSplitter$PropertyWrapper::<init> (9 bytes)
Event: 2398.466 Thread 0x00007fe6d2801000 nmethod 16489 0x00000001209b1e50 code [0x00000001209b1fe0, 0x00000001209b2388]
Event: 2398.466 Thread 0x00007fe6d2801000 16490       3       org.jetbrains.kotlin.descriptors.annotations.AnnotationSplitter$PropertyWrapper::<init> (18 bytes)
Event: 2398.466 Thread 0x00007fe6d2801000 nmethod 16490 0x00000001209b6710 code [0x00000001209b68a0, 0x00000001209b6c28]
Event: 2398.466 Thread 0x00007fe6d2801000 16491       3       org.jetbrains.kotlin.resolve.DataClassDescriptorResolver::getCOPY_METHOD_NAME (4 bytes)
Event: 2398.466 Thread 0x00007fe6d2801000 nmethod 16491 0x0000000120999d10 code [0x0000000120999e80, 0x0000000120999ff0]
Event: 2398.466 Thread 0x00007fe6d2801000 16492       3       org.jetbrains.kotlin.descriptors.annotations.AnnotationSplitter::getTargetSet (22 bytes)
Event: 2398.466 Thread 0x00007fe6d2801000 nmethod 16492 0x00000001209b6dd0 code [0x00000001209b6f80, 0x00000001209b7328]
Event: 2398.467 Thread 0x00007fe6d2801000 16493       3       java.net.URI::toURL (29 bytes)
Event: 2398.467 Thread 0x00007fe6d2801000 nmethod 16493 0x00000001209b7490 code [0x00000001209b7660, 0x00000001209b7c88]

GC Heap History (10 events):
Event: 2329.080 GC heap before
{Heap before GC invocations=20 (full 4):
 PSYoungGen      total 268800K, used 244921K [0x00000007aab00000, 0x00000007bfc80000, 0x00000007c0000000)
  eden space 220672K, 100% used [0x00000007aab00000,0x00000007b8280000,0x00000007b8280000)
  from space 48128K, 50% used [0x00000007b8280000,0x00000007b9a2e548,0x00000007bb180000)
  to   space 46080K, 0% used [0x00000007bcf80000,0x00000007bcf80000,0x00000007bfc80000)
 ParOldGen       total 201216K, used 32134K [0x0000000780000000, 0x000000078c480000, 0x00000007aab00000)
  object space 201216K, 15% used [0x0000000780000000,0x0000000781f619e8,0x000000078c480000)
 Metaspace       used 62435K, capacity 63716K, committed 64788K, reserved 1105920K
  class space    used 7475K, capacity 7786K, committed 7996K, reserved 1048576K
Event: 2329.107 GC heap after
Heap after GC invocations=20 (full 4):
 PSYoungGen      total 295936K, used 37999K [0x00000007aab00000, 0x00000007c0000000, 0x00000007c0000000)
  eden space 249856K, 0% used [0x00000007aab00000,0x00000007aab00000,0x00000007b9f00000)
  from space 46080K, 82% used [0x00000007bcf80000,0x00000007bf49bfc8,0x00000007bfc80000)
  to   space 49664K, 0% used [0x00000007b9f00000,0x00000007b9f00000,0x00000007bcf80000)
 ParOldGen       total 201216K, used 32142K [0x0000000780000000, 0x000000078c480000, 0x00000007aab00000)
  object space 201216K, 15% used [0x0000000780000000,0x0000000781f639e8,0x000000078c480000)
 Metaspace       used 62435K, capacity 63716K, committed 64788K, reserved 1105920K
  class space    used 7475K, capacity 7786K, committed 7996K, reserved 1048576K
}
Event: 2329.958 GC heap before
{Heap before GC invocations=21 (full 4):
 PSYoungGen      total 295936K, used 285738K [0x00000007aab00000, 0x00000007c0000000, 0x00000007c0000000)
  eden space 249856K, 99% used [0x00000007aab00000,0x00000007b9ceea68,0x00000007b9f00000)
  from space 46080K, 82% used [0x00000007bcf80000,0x00000007bf49bfc8,0x00000007bfc80000)
  to   space 49664K, 0% used [0x00000007b9f00000,0x00000007b9f00000,0x00000007bcf80000)
 ParOldGen       total 201216K, used 32142K [0x0000000780000000, 0x000000078c480000, 0x00000007aab00000)
  object space 201216K, 15% used [0x0000000780000000,0x0000000781f639e8,0x000000078c480000)
 Metaspace       used 63509K, capacity 64872K, committed 65940K, reserved 1107968K
  class space    used 7599K, capacity 7910K, committed 8124K, reserved 1048576K
Event: 2329.970 GC heap after
Heap after GC invocations=21 (full 4):
 PSYoungGen      total 299520K, used 31000K [0x00000007aab00000, 0x00000007c0000000, 0x00000007c0000000)
  eden space 249856K, 0% used [0x00000007aab00000,0x00000007aab00000,0x00000007b9f00000)
  from space 49664K, 62% used [0x00000007b9f00000,0x00000007bbd46050,0x00000007bcf80000)
  to   space 49664K, 0% used [0x00000007bcf80000,0x00000007bcf80000,0x00000007c0000000)
 ParOldGen       total 201216K, used 32150K [0x0000000780000000, 0x000000078c480000, 0x00000007aab00000)
  object space 201216K, 15% used [0x0000000780000000,0x0000000781f659e8,0x000000078c480000)
 Metaspace       used 63509K, capacity 64872K, committed 65940K, reserved 1107968K
  class space    used 7599K, capacity 7910K, committed 8124K, reserved 1048576K
}
Event: 2330.192 GC heap before
{Heap before GC invocations=22 (full 4):
 PSYoungGen      total 299520K, used 280856K [0x00000007aab00000, 0x00000007c0000000, 0x00000007c0000000)
  eden space 249856K, 100% used [0x00000007aab00000,0x00000007b9f00000,0x00000007b9f00000)
  from space 49664K, 62% used [0x00000007b9f00000,0x00000007bbd46050,0x00000007bcf80000)
  to   space 49664K, 0% used [0x00000007bcf80000,0x00000007bcf80000,0x00000007c0000000)
 ParOldGen       total 201216K, used 32150K [0x0000000780000000, 0x000000078c480000, 0x00000007aab00000)
  object space 201216K, 15% used [0x0000000780000000,0x0000000781f659e8,0x000000078c480000)
 Metaspace       used 64776K, capacity 66284K, committed 67092K, reserved 1107968K
  class space    used 7773K, capacity 8126K, committed 8252K, reserved 1048576K
Event: 2330.208 GC heap after
Heap after GC invocations=22 (full 4):
 PSYoungGen      total 296448K, used 20442K [0x00000007aab00000, 0x00000007bfd00000, 0x00000007c0000000)
  eden space 249856K, 0% used [0x00000007aab00000,0x00000007aab00000,0x00000007b9f00000)
  from space 46592K, 43% used [0x00000007bcf80000,0x00000007be3768e0,0x00000007bfd00000)
  to   space 48128K, 0% used [0x00000007b9f00000,0x00000007b9f00000,0x00000007bce00000)
 ParOldGen       total 201216K, used 42752K [0x0000000780000000, 0x000000078c480000, 0x00000007aab00000)
  object space 201216K, 21% used [0x0000000780000000,0x00000007829c01d0,0x000000078c480000)
 Metaspace       used 64776K, capacity 66284K, committed 67092K, reserved 1107968K
  class space    used 7773K, capacity 8126K, committed 8252K, reserved 1048576K
}
Event: 2397.005 GC heap before
{Heap before GC invocations=23 (full 4):
 PSYoungGen      total 296448K, used 270298K [0x00000007aab00000, 0x00000007bfd00000, 0x00000007c0000000)
  eden space 249856K, 100% used [0x00000007aab00000,0x00000007b9f00000,0x00000007b9f00000)
  from space 46592K, 43% used [0x00000007bcf80000,0x00000007be3768e0,0x00000007bfd00000)
  to   space 48128K, 0% used [0x00000007b9f00000,0x00000007b9f00000,0x00000007bce00000)
 ParOldGen       total 201216K, used 42752K [0x0000000780000000, 0x000000078c480000, 0x00000007aab00000)
  object space 201216K, 21% used [0x0000000780000000,0x00000007829c01d0,0x000000078c480000)
 Metaspace       used 67149K, capacity 68848K, committed 69780K, reserved 1110016K
  class space    used 8056K, capacity 8448K, committed 8636K, reserved 1048576K
Event: 2397.018 GC heap after
Heap after GC invocations=23 (full 4):
 PSYoungGen      total 297984K, used 20427K [0x00000007aab00000, 0x00000007bfd80000, 0x00000007c0000000)
  eden space 249856K, 0% used [0x00000007aab00000,0x00000007aab00000,0x00000007b9f00000)
  from space 48128K, 42% used [0x00000007b9f00000,0x00000007bb2f2ca8,0x00000007bce00000)
  to   space 46080K, 0% used [0x00000007bd080000,0x00000007bd080000,0x00000007bfd80000)
 ParOldGen       total 201216K, used 43546K [0x0000000780000000, 0x000000078c480000, 0x00000007aab00000)
  object space 201216K, 21% used [0x0000000780000000,0x0000000782a868f0,0x000000078c480000)
 Metaspace       used 67149K, capacity 68848K, committed 69780K, reserved 1110016K
  class space    used 8056K, capacity 8448K, committed 8636K, reserved 1048576K
}
Event: 2398.298 GC heap before
{Heap before GC invocations=24 (full 4):
 PSYoungGen      total 297984K, used 270283K [0x00000007aab00000, 0x00000007bfd80000, 0x00000007c0000000)
  eden space 249856K, 100% used [0x00000007aab00000,0x00000007b9f00000,0x00000007b9f00000)
  from space 48128K, 42% used [0x00000007b9f00000,0x00000007bb2f2ca8,0x00000007bce00000)
  to   space 46080K, 0% used [0x00000007bd080000,0x00000007bd080000,0x00000007bfd80000)
 ParOldGen       total 201216K, used 43546K [0x0000000780000000, 0x000000078c480000, 0x00000007aab00000)
  object space 201216K, 21% used [0x0000000780000000,0x0000000782a868f0,0x000000078c480000)
 Metaspace       used 68303K, capacity 70440K, committed 70548K, reserved 1112064K
  class space    used 8166K, capacity 8634K, committed 8636K, reserved 1048576K
Event: 2398.306 GC heap after
Heap after GC invocations=24 (full 4):
 PSYoungGen      total 299520K, used 5434K [0x00000007aab00000, 0x00000007c0000000, 0x00000007c0000000)
  eden space 253440K, 0% used [0x00000007aab00000,0x00000007aab00000,0x00000007ba280000)
  from space 46080K, 11% used [0x00000007bd080000,0x00000007bd5ceb38,0x00000007bfd80000)
  to   space 47104K, 0% used [0x00000007ba280000,0x00000007ba280000,0x00000007bd080000)
 ParOldGen       total 201216K, used 49480K [0x0000000780000000, 0x000000078c480000, 0x00000007aab00000)
  object space 201216K, 24% used [0x0000000780000000,0x0000000783052300,0x000000078c480000)
 Metaspace       used 68303K, capacity 70440K, committed 70548K, reserved 1112064K
  class space    used 8166K, capacity 8634K, committed 8636K, reserved 1048576K
}

Deoptimization events (10 events):
Event: 2397.783 Thread 0x00007fe6d4ad4800 Uncommon trap: reason=class_check action=maybe_recompile pc=0x00000001203cd9ac method=org.jetbrains.org.objectweb.asm.ClassReader.readAnnotationValue(I[CLjava/lang/String;Lorg/jetbrains/org/objectweb/asm/AnnotationVisitor;)I @ 1004
Event: 2397.783 Thread 0x00007fe6d4ad4800 Uncommon trap: reason=class_check action=maybe_recompile pc=0x00000001203cbbac method=org.jetbrains.org.objectweb.asm.ClassReader.readAnnotationValue(I[CLjava/lang/String;Lorg/jetbrains/org/objectweb/asm/AnnotationVisitor;)I @ 325
Event: 2397.786 Thread 0x00007fe6d4ad4800 Uncommon trap: reason=class_check action=maybe_recompile pc=0x00000001203cd9ac method=org.jetbrains.org.objectweb.asm.ClassReader.readAnnotationValue(I[CLjava/lang/String;Lorg/jetbrains/org/objectweb/asm/AnnotationVisitor;)I @ 1004
Event: 2397.848 Thread 0x00007fe6d4ad4800 Uncommon trap: reason=unstable_if action=reinterpret pc=0x0000000120800864 method=org.jetbrains.kotlin.codegen.optimization.common.OptimizationBasicInterpreter.merge(Lorg/jetbrains/org/objectweb/asm/tree/analysis/BasicValue;Lorg/jetbrains/org/objectweb/as
Event: 2397.865 Thread 0x00007fe6d4ad4800 Uncommon trap: reason=unstable_if action=reinterpret pc=0x000000011e7e843c method=org.jetbrains.kotlin.codegen.optimization.common.OptimizationBasicInterpreter.merge(Lorg/jetbrains/org/objectweb/asm/tree/analysis/BasicValue;Lorg/jetbrains/org/objectweb/as
Event: 2397.879 Thread 0x00007fe6d4ad4800 Uncommon trap: reason=bimorphic action=maybe_recompile pc=0x0000000120749e48 method=org.jetbrains.kotlin.resolve.calls.callUtil.CallUtilKt.getCall(Lorg/jetbrains/kotlin/psi/KtElement;Lorg/jetbrains/kotlin/resolve/BindingContext;)Lorg/jetbrains/kotlin/psi/
Event: 2397.879 Thread 0x00007fe6d4ad4800 Uncommon trap: reason=bimorphic action=maybe_recompile pc=0x0000000120749e48 method=org.jetbrains.kotlin.resolve.calls.callUtil.CallUtilKt.getCall(Lorg/jetbrains/kotlin/psi/KtElement;Lorg/jetbrains/kotlin/resolve/BindingContext;)Lorg/jetbrains/kotlin/psi/
Event: 2397.888 Thread 0x00007fe6d4ad4800 Uncommon trap: reason=bimorphic action=maybe_recompile pc=0x000000011e84a8ac method=org.jetbrains.kotlin.protobuf.CodedOutputStream.refreshBuffer()V @ 28
Event: 2398.329 Thread 0x00007fe6d78e0000 Uncommon trap: reason=unstable_if action=reinterpret pc=0x000000011de2265c method=java.util.HashMap.putVal(ILjava/lang/Object;Ljava/lang/Object;ZZ)Ljava/lang/Object; @ 162
Event: 2398.330 Thread 0x00007fe6d78e0000 Uncommon trap: reason=unstable_if action=reinterpret pc=0x000000011ddf3704 method=java.util.HashMap.resize()[Ljava/util/HashMap$Node; @ 206

Classes redefined (0 events):
No events

Internal exceptions (10 events):
Event: 2330.266 Thread 0x00007fe6d4cd3000 Exception <a 'sun/nio/fs/UnixException'> (0x00000007aae92bd0) thrown at [/Users/java_re/workspace/8-2-build-macosx-x86_64/jdk8u152/9742/hotspot/src/share/vm/prims/jni.cpp, line 709]
Event: 2330.269 Thread 0x00007fe6d4cd3000 Exception <a 'sun/nio/fs/UnixException'> (0x00000007aaeb0200) thrown at [/Users/java_re/workspace/8-2-build-macosx-x86_64/jdk8u152/9742/hotspot/src/share/vm/prims/jni.cpp, line 709]
Event: 2330.337 Thread 0x00007fe6d94da000 Exception <a 'java/lang/InterruptedException'> (0x00000007ab531908) thrown at [/Users/java_re/workspace/8-2-build-macosx-x86_64/jdk8u152/9742/hotspot/src/share/vm/runtime/objectMonitor.cpp, line 1684]
Event: 2396.453 Thread 0x00007fe6d7a1c800 Exception <a 'java/lang/InterruptedException'> (0x00000007b0f70f80) thrown at [/Users/java_re/workspace/8-2-build-macosx-x86_64/jdk8u152/9742/hotspot/src/share/vm/runtime/objectMonitor.cpp, line 1684]
Event: 2396.461 Thread 0x00007fe6d7121800 Exception <a 'sun/nio/fs/UnixException'> (0x00000007b10865f0) thrown at [/Users/java_re/workspace/8-2-build-macosx-x86_64/jdk8u152/9742/hotspot/src/share/vm/prims/jni.cpp, line 709]
Event: 2396.869 Thread 0x00007fe6d494c000 Exception <a 'java/lang/InterruptedException'> (0x00000007b6abbd28) thrown at [/Users/java_re/workspace/8-2-build-macosx-x86_64/jdk8u152/9742/hotspot/src/share/vm/runtime/objectMonitor.cpp, line 1684]
Event: 2396.875 Thread 0x00007fe6d4ad4800 Exception <a 'sun/nio/fs/UnixException'> (0x00000007b6ba7cc8) thrown at [/Users/java_re/workspace/8-2-build-macosx-x86_64/jdk8u152/9742/hotspot/src/share/vm/prims/jni.cpp, line 709]
Event: 2398.034 Thread 0x00007fe6d32fe800 Exception <a 'java/lang/InterruptedException'> (0x00000007b5efd508) thrown at [/Users/java_re/workspace/8-2-build-macosx-x86_64/jdk8u152/9742/hotspot/src/share/vm/runtime/objectMonitor.cpp, line 1684]
Event: 2398.241 Thread 0x00007fe6d33df800 Exception <a 'java/lang/InterruptedException'> (0x00000007b938f058) thrown at [/Users/java_re/workspace/8-2-build-macosx-x86_64/jdk8u152/9742/hotspot/src/share/vm/runtime/objectMonitor.cpp, line 1684]
Event: 2398.264 Thread 0x00007fe6d78e0000 Exception <a 'sun/nio/fs/UnixException'> (0x00000007b94cad38) thrown at [/Users/java_re/workspace/8-2-build-macosx-x86_64/jdk8u152/9742/hotspot/src/share/vm/prims/jni.cpp, line 709]

Events (10 events):
Event: 2398.367 Thread 0x00007fe6d78e0000 DEOPT PACKING pc=0x000000012095da7c sp=0x00007000047da580
Event: 2398.367 Thread 0x00007fe6d78e0000 DEOPT UNPACKING pc=0x000000011d963633 sp=0x00007000047da290 mode 0
Event: 2398.381 Thread 0x00007fe6d78e0000 DEOPT PACKING pc=0x000000011fe0d68d sp=0x00007000047d9c70
Event: 2398.381 Thread 0x00007fe6d78e0000 DEOPT UNPACKING pc=0x000000011d963633 sp=0x00007000047d9ab0 mode 0
Event: 2398.466 loading class org/jetbrains/kotlin/kapt3/AbstractKapt3Extension$analysisCompleted$1
Event: 2398.466 loading class org/jetbrains/kotlin/kapt3/AbstractKapt3Extension$analysisCompleted$1 done
Event: 2398.466 loading class kotlin/jvm/functions/Function0
Event: 2398.466 loading class kotlin/jvm/functions/Function0 done
Event: 2398.466 loading class kotlin/jvm/internal/Lambda
Event: 2398.466 loading class kotlin/jvm/internal/Lambda done


Dynamic libraries:
0x00000000259c8000 	/System/Library/Frameworks/Cocoa.framework/Versions/A/Cocoa
0x00000000259c8000 	/System/Library/Frameworks/Security.framework/Versions/A/Security
0x00000000259c8000 	/System/Library/Frameworks/ApplicationServices.framework/Versions/A/ApplicationServices
0x00000000259c8000 	/usr/lib/libz.1.dylib
0x00000000259c8000 	/usr/lib/libSystem.B.dylib
0x00000000259c8000 	/usr/lib/libobjc.A.dylib
0x00000000259c8000 	/System/Library/Frameworks/CoreFoundation.framework/Versions/A/CoreFoundation
0x00000000259c8000 	/System/Library/Frameworks/Foundation.framework/Versions/C/Foundation
0x00000000259c8000 	/System/Library/Frameworks/AppKit.framework/Versions/C/AppKit
0x00000000259c8000 	/System/Library/Frameworks/CoreData.framework/Versions/A/CoreData
0x00000000259c8000 	/System/Library/PrivateFrameworks/RemoteViewServices.framework/Versions/A/RemoteViewServices
0x00000000259c8000 	/System/Library/PrivateFrameworks/UIFoundation.framework/Versions/A/UIFoundation
0x00000000259c8000 	/System/Library/PrivateFrameworks/DFRFoundation.framework/Versions/A/DFRFoundation
0x00000000259c8000 	/System/Library/Frameworks/Metal.framework/Versions/A/Metal
0x00000000259c8000 	/System/Library/PrivateFrameworks/DesktopServicesPriv.framework/Versions/A/DesktopServicesPriv
0x00000000259c8000 	/usr/lib/libenergytrace.dylib
0x00000000259c8000 	/System/Library/PrivateFrameworks/SkyLight.framework/Versions/A/SkyLight
0x00000000259c8000 	/System/Library/Frameworks/CoreGraphics.framework/Versions/A/CoreGraphics
0x00000000259c8000 	/usr/lib/libScreenReader.dylib
0x00000000259c8000 	/System/Library/Frameworks/Accelerate.framework/Versions/A/Accelerate
0x00000000259c8000 	/System/Library/Frameworks/IOSurface.framework/Versions/A/IOSurface
0x00000000259c8000 	/System/Library/Frameworks/AudioToolbox.framework/Versions/A/AudioToolbox
0x00000000259c8000 	/System/Library/Frameworks/AudioUnit.framework/Versions/A/AudioUnit
0x00000000259c8000 	/System/Library/PrivateFrameworks/DataDetectorsCore.framework/Versions/A/DataDetectorsCore
0x00000000259c8000 	/System/Library/Frameworks/Carbon.framework/Versions/A/Frameworks/HIToolbox.framework/Versions/A/HIToolbox
0x00000000259c8000 	/usr/lib/libicucore.A.dylib
0x00000000259c8000 	/System/Library/Frameworks/QuartzCore.framework/Versions/A/QuartzCore
0x00000000259c8000 	/System/Library/Frameworks/Carbon.framework/Versions/A/Frameworks/SpeechRecognition.framework/Versions/A/SpeechRecognition
0x00000000259c8000 	/usr/lib/libauto.dylib
0x00000000259c8000 	/usr/lib/libxml2.2.dylib
0x00000000259c8000 	/System/Library/PrivateFrameworks/CoreUI.framework/Versions/A/CoreUI
0x00000000259c8000 	/System/Library/Frameworks/CoreAudio.framework/Versions/A/CoreAudio
0x00000000259c8000 	/System/Library/Frameworks/DiskArbitration.framework/Versions/A/DiskArbitration
0x00000000259c8000 	/usr/lib/liblangid.dylib
0x00000000259c8000 	/System/Library/PrivateFrameworks/MultitouchSupport.framework/Versions/A/MultitouchSupport
0x00000000259c8000 	/System/Library/Frameworks/IOKit.framework/Versions/A/IOKit
0x00000000259c8000 	/usr/lib/libDiagnosticMessagesClient.dylib
0x00000000259c8000 	/System/Library/Frameworks/CoreServices.framework/Versions/A/CoreServices
0x00000000259c8000 	/System/Library/PrivateFrameworks/PerformanceAnalysis.framework/Versions/A/PerformanceAnalysis
0x00000000259c8000 	/System/Library/Frameworks/OpenGL.framework/Versions/A/OpenGL
0x00000000259c8000 	/System/Library/Frameworks/ColorSync.framework/Versions/A/ColorSync
0x00000000259c8000 	/System/Library/Frameworks/CoreImage.framework/Versions/A/CoreImage
0x00000000259c8000 	/System/Library/Frameworks/CoreText.framework/Versions/A/CoreText
0x00000000259c8000 	/System/Library/Frameworks/ImageIO.framework/Versions/A/ImageIO
0x00000000259c8000 	/System/Library/PrivateFrameworks/Backup.framework/Versions/A/Backup
0x00000000259c8000 	/usr/lib/libarchive.2.dylib
0x00000000259c8000 	/System/Library/Frameworks/CFNetwork.framework/Versions/A/CFNetwork
0x00000000259c8000 	/System/Library/Frameworks/SystemConfiguration.framework/Versions/A/SystemConfiguration
0x00000000259c8000 	/usr/lib/libCRFSuite.dylib
0x00000000259c8000 	/usr/lib/libc++.1.dylib
0x00000000259c8000 	/usr/lib/libc++abi.dylib
0x00000000259c8000 	/usr/lib/system/libcache.dylib
0x00000000259c8000 	/usr/lib/system/libcommonCrypto.dylib
0x00000000259c8000 	/usr/lib/system/libcompiler_rt.dylib
0x00000000259c8000 	/usr/lib/system/libcopyfile.dylib
0x00000000259c8000 	/usr/lib/system/libcorecrypto.dylib
0x00000000259c8000 	/usr/lib/system/libdispatch.dylib
0x00000000259c8000 	/usr/lib/system/libdyld.dylib
0x00000000259c8000 	/usr/lib/system/libkeymgr.dylib
0x00000000259c8000 	/usr/lib/system/liblaunch.dylib
0x00000000259c8000 	/usr/lib/system/libmacho.dylib
0x00000000259c8000 	/usr/lib/system/libquarantine.dylib
0x00000000259c8000 	/usr/lib/system/libremovefile.dylib
0x00000000259c8000 	/usr/lib/system/libsystem_asl.dylib
0x00000000259c8000 	/usr/lib/system/libsystem_blocks.dylib
0x00000000259c8000 	/usr/lib/system/libsystem_c.dylib
0x00000000259c8000 	/usr/lib/system/libsystem_configuration.dylib
0x00000000259c8000 	/usr/lib/system/libsystem_coreservices.dylib
0x00000000259c8000 	/usr/lib/system/libsystem_darwin.dylib
0x00000000259c8000 	/usr/lib/system/libsystem_dnssd.dylib
0x00000000259c8000 	/usr/lib/system/libsystem_info.dylib
0x00000000259c8000 	/usr/lib/system/libsystem_m.dylib
0x00000000259c8000 	/usr/lib/system/libsystem_malloc.dylib
0x00000000259c8000 	/usr/lib/system/libsystem_network.dylib
0x00000000259c8000 	/usr/lib/system/libsystem_networkextension.dylib
0x00000000259c8000 	/usr/lib/system/libsystem_notify.dylib
0x00000000259c8000 	/usr/lib/system/libsystem_sandbox.dylib
0x00000000259c8000 	/usr/lib/system/libsystem_secinit.dylib
0x00000000259c8000 	/usr/lib/system/libsystem_kernel.dylib
0x00000000259c8000 	/usr/lib/system/libsystem_platform.dylib
0x00000000259c8000 	/usr/lib/system/libsystem_pthread.dylib
0x00000000259c8000 	/usr/lib/system/libsystem_symptoms.dylib
0x00000000259c8000 	/usr/lib/system/libsystem_trace.dylib
0x00000000259c8000 	/usr/lib/system/libunwind.dylib
0x00000000259c8000 	/usr/lib/system/libxpc.dylib
0x00000000259c8000 	/usr/lib/closure/libclosured.dylib
0x00000000259c8000 	/usr/lib/libbsm.0.dylib
0x00000000259c8000 	/usr/lib/system/libkxld.dylib
0x00000000259c8000 	/usr/lib/libOpenScriptingUtil.dylib
0x00000000259c8000 	/usr/lib/libcoretls.dylib
0x00000000259c8000 	/usr/lib/libcoretls_cfhelpers.dylib
0x00000000259c8000 	/usr/lib/libpam.2.dylib
0x00000000259c8000 	/usr/lib/libsqlite3.dylib
0x00000000259c8000 	/usr/lib/libxar.1.dylib
0x00000000259c8000 	/usr/lib/libbz2.1.0.dylib
0x00000000259c8000 	/usr/lib/liblzma.5.dylib
0x00000000259c8000 	/usr/lib/libnetwork.dylib
0x00000000259c8000 	/usr/lib/libapple_nghttp2.dylib
0x00000000259c8000 	/usr/lib/libpcap.A.dylib
0x00000000259c8000 	/usr/lib/libboringssl.dylib
0x00000000259c8000 	/usr/lib/libusrtcp.dylib
0x00000000259c8000 	/usr/lib/libapple_crypto.dylib
0x00000000259c8000 	/System/Library/Frameworks/CoreServices.framework/Versions/A/Frameworks/FSEvents.framework/Versions/A/FSEvents
0x00000000259c8000 	/System/Library/Frameworks/CoreServices.framework/Versions/A/Frameworks/CarbonCore.framework/Versions/A/CarbonCore
0x00000000259c8000 	/System/Library/Frameworks/CoreServices.framework/Versions/A/Frameworks/Metadata.framework/Versions/A/Metadata
0x00000000259c8000 	/System/Library/Frameworks/CoreServices.framework/Versions/A/Frameworks/OSServices.framework/Versions/A/OSServices
0x00000000259c8000 	/System/Library/Frameworks/CoreServices.framework/Versions/A/Frameworks/SearchKit.framework/Versions/A/SearchKit
0x00000000259c8000 	/System/Library/Frameworks/CoreServices.framework/Versions/A/Frameworks/AE.framework/Versions/A/AE
0x00000000259c8000 	/System/Library/Frameworks/CoreServices.framework/Versions/A/Frameworks/LaunchServices.framework/Versions/A/LaunchServices
0x00000000259c8000 	/System/Library/Frameworks/CoreServices.framework/Versions/A/Frameworks/DictionaryServices.framework/Versions/A/DictionaryServices
0x00000000259c8000 	/System/Library/Frameworks/CoreServices.framework/Versions/A/Frameworks/SharedFileList.framework/Versions/A/SharedFileList
0x00000000259c8000 	/System/Library/Frameworks/NetFS.framework/Versions/A/NetFS
0x00000000259c8000 	/System/Library/PrivateFrameworks/NetAuth.framework/Versions/A/NetAuth
0x00000000259c8000 	/System/Library/PrivateFrameworks/login.framework/Versions/A/Frameworks/loginsupport.framework/Versions/A/loginsupport
0x00000000259c8000 	/System/Library/PrivateFrameworks/TCC.framework/Versions/A/TCC
0x00000000259c8000 	/usr/lib/libmecabra.dylib
0x00000000259c8000 	/System/Library/Frameworks/ApplicationServices.framework/Versions/A/Frameworks/ATS.framework/Versions/A/ATS
0x00000000259c8000 	/System/Library/Frameworks/ApplicationServices.framework/Versions/A/Frameworks/ColorSyncLegacy.framework/Versions/A/ColorSyncLegacy
0x00000000259c8000 	/System/Library/Frameworks/ApplicationServices.framework/Versions/A/Frameworks/HIServices.framework/Versions/A/HIServices
0x00000000259c8000 	/System/Library/Frameworks/ApplicationServices.framework/Versions/A/Frameworks/LangAnalysis.framework/Versions/A/LangAnalysis
0x00000000259c8000 	/System/Library/Frameworks/ApplicationServices.framework/Versions/A/Frameworks/PrintCore.framework/Versions/A/PrintCore
0x00000000259c8000 	/System/Library/Frameworks/ApplicationServices.framework/Versions/A/Frameworks/QD.framework/Versions/A/QD
0x00000000259c8000 	/System/Library/Frameworks/ApplicationServices.framework/Versions/A/Frameworks/SpeechSynthesis.framework/Versions/A/SpeechSynthesis
0x00000000259c8000 	/System/Library/Frameworks/CoreDisplay.framework/Versions/A/CoreDisplay
0x00000000259c8000 	/System/Library/Frameworks/Accelerate.framework/Versions/A/Frameworks/vImage.framework/Versions/A/vImage
0x00000000259c8000 	/System/Library/Frameworks/Accelerate.framework/Versions/A/Frameworks/vecLib.framework/Versions/A/vecLib
0x00000000259c8000 	/System/Library/Frameworks/Accelerate.framework/Versions/A/Frameworks/vecLib.framework/Versions/A/libvDSP.dylib
0x00000000259c8000 	/System/Library/Frameworks/Accelerate.framework/Versions/A/Frameworks/vecLib.framework/Versions/A/libBNNS.dylib
0x00000000259c8000 	/System/Library/Frameworks/Accelerate.framework/Versions/A/Frameworks/vecLib.framework/Versions/A/libQuadrature.dylib
0x00000000259c8000 	/System/Library/Frameworks/Accelerate.framework/Versions/A/Frameworks/vecLib.framework/Versions/A/libvMisc.dylib
0x00000000259c8000 	/System/Library/Frameworks/Accelerate.framework/Versions/A/Frameworks/vecLib.framework/Versions/A/libLAPACK.dylib
0x00000000259c8000 	/System/Library/Frameworks/Accelerate.framework/Versions/A/Frameworks/vecLib.framework/Versions/A/libBLAS.dylib
0x00000000259c8000 	/System/Library/Frameworks/Accelerate.framework/Versions/A/Frameworks/vecLib.framework/Versions/A/libLinearAlgebra.dylib
0x00000000259c8000 	/System/Library/Frameworks/Accelerate.framework/Versions/A/Frameworks/vecLib.framework/Versions/A/libSparse.dylib
0x00000000259c8000 	/System/Library/Frameworks/Accelerate.framework/Versions/A/Frameworks/vecLib.framework/Versions/A/libSparseBLAS.dylib
0x00000000259c8000 	/System/Library/PrivateFrameworks/IOAccelerator.framework/Versions/A/IOAccelerator
0x00000000259c8000 	/System/Library/PrivateFrameworks/IOPresentment.framework/Versions/A/IOPresentment
0x00000000259c8000 	/System/Library/PrivateFrameworks/DSExternalDisplay.framework/Versions/A/DSExternalDisplay
0x00000000259c8000 	/System/Library/Frameworks/OpenGL.framework/Versions/A/Libraries/libCoreFSCache.dylib
0x00000000259c8000 	/System/Library/Frameworks/CoreVideo.framework/Versions/A/CoreVideo
0x00000000259c8000 	/System/Library/PrivateFrameworks/GraphVisualizer.framework/Versions/A/GraphVisualizer
0x00000000259c8000 	/System/Library/Frameworks/MetalPerformanceShaders.framework/Versions/A/MetalPerformanceShaders
0x00000000259c8000 	/usr/lib/libFosl_dynamic.dylib
0x00000000259c8000 	/System/Library/PrivateFrameworks/FaceCore.framework/Versions/A/FaceCore
0x00000000259c8000 	/System/Library/Frameworks/OpenCL.framework/Versions/A/OpenCL
0x00000000259c8000 	/usr/lib/libcompression.dylib
0x00000000259c8000 	/System/Library/Frameworks/ApplicationServices.framework/Versions/A/Frameworks/ATS.framework/Versions/A/Resources/libFontParser.dylib
0x00000000259c8000 	/System/Library/Frameworks/ApplicationServices.framework/Versions/A/Frameworks/ATS.framework/Versions/A/Resources/libFontRegistry.dylib
0x00000000259c8000 	/System/Library/Frameworks/ImageIO.framework/Versions/A/Resources/libJPEG.dylib
0x00000000259c8000 	/System/Library/Frameworks/ImageIO.framework/Versions/A/Resources/libTIFF.dylib
0x00000000259c8000 	/System/Library/Frameworks/ImageIO.framework/Versions/A/Resources/libPng.dylib
0x00000000259c8000 	/System/Library/Frameworks/ImageIO.framework/Versions/A/Resources/libGIF.dylib
0x00000000259c8000 	/System/Library/Frameworks/ImageIO.framework/Versions/A/Resources/libJP2.dylib
0x00000000259c8000 	/System/Library/Frameworks/ImageIO.framework/Versions/A/Resources/libRadiance.dylib
0x00000000259c8000 	/System/Library/PrivateFrameworks/AppleJPEG.framework/Versions/A/AppleJPEG
0x00000000259c8000 	/System/Library/PrivateFrameworks/MetalTools.framework/Versions/A/MetalTools
0x00000000259c8000 	/System/Library/Frameworks/MetalPerformanceShaders.framework/Frameworks/MPSCore.framework/Versions/A/MPSCore
0x00000000259c8000 	/System/Library/Frameworks/MetalPerformanceShaders.framework/Frameworks/MPSImage.framework/Versions/A/MPSImage
0x00000000259c8000 	/System/Library/Frameworks/MetalPerformanceShaders.framework/Frameworks/MPSMatrix.framework/Versions/A/MPSMatrix
0x00000000259c8000 	/System/Library/Frameworks/MetalPerformanceShaders.framework/Frameworks/MPSNeuralNetwork.framework/Versions/A/MPSNeuralNetwork
0x00000000259c8000 	/System/Library/Frameworks/OpenGL.framework/Versions/A/Libraries/libGLU.dylib
0x00000000259c8000 	/System/Library/Frameworks/OpenGL.framework/Versions/A/Libraries/libGFXShared.dylib
0x00000000259c8000 	/System/Library/Frameworks/OpenGL.framework/Versions/A/Libraries/libGL.dylib
0x00000000259c8000 	/System/Library/Frameworks/OpenGL.framework/Versions/A/Libraries/libGLImage.dylib
0x00000000259c8000 	/System/Library/Frameworks/OpenGL.framework/Versions/A/Libraries/libCVMSPluginSupport.dylib
0x00000000259c8000 	/System/Library/Frameworks/OpenGL.framework/Versions/A/Libraries/libCoreVMClient.dylib
0x00000000259c8000 	/usr/lib/libcups.2.dylib
0x00000000259c8000 	/System/Library/Frameworks/Kerberos.framework/Versions/A/Kerberos
0x00000000259c8000 	/System/Library/Frameworks/GSS.framework/Versions/A/GSS
0x00000000259c8000 	/usr/lib/libresolv.9.dylib
0x00000000259c8000 	/usr/lib/libiconv.2.dylib
0x00000000259c8000 	/System/Library/PrivateFrameworks/Heimdal.framework/Versions/A/Heimdal
0x00000000259c8000 	/usr/lib/libheimdal-asn1.dylib
0x00000000259c8000 	/System/Library/Frameworks/OpenDirectory.framework/Versions/A/OpenDirectory
0x00000000259c8000 	/System/Library/PrivateFrameworks/CommonAuth.framework/Versions/A/CommonAuth
0x00000000259c8000 	/System/Library/Frameworks/OpenDirectory.framework/Versions/A/Frameworks/CFOpenDirectory.framework/Versions/A/CFOpenDirectory
0x00000000259c8000 	/System/Library/Frameworks/SecurityFoundation.framework/Versions/A/SecurityFoundation
0x00000000259c8000 	/System/Library/PrivateFrameworks/APFS.framework/Versions/A/APFS
0x00000000259c8000 	/usr/lib/libutil.dylib
0x00000000259c8000 	/System/Library/PrivateFrameworks/AppleSauce.framework/Versions/A/AppleSauce
0x00000000259c8000 	/System/Library/PrivateFrameworks/LinguisticData.framework/Versions/A/LinguisticData
0x00000000259c8000 	/usr/lib/libmarisa.dylib
0x00000000259c8000 	/System/Library/PrivateFrameworks/Lexicon.framework/Versions/A/Lexicon
0x00000000259c8000 	/usr/lib/libChineseTokenizer.dylib
0x00000000259c8000 	/usr/lib/libcmph.dylib
0x00000000259c8000 	/System/Library/PrivateFrameworks/LanguageModeling.framework/Versions/A/LanguageModeling
0x00000000259c8000 	/System/Library/PrivateFrameworks/CoreEmoji.framework/Versions/A/CoreEmoji
0x00000000259c8000 	/System/Library/Frameworks/ServiceManagement.framework/Versions/A/ServiceManagement
0x00000000259c8000 	/System/Library/PrivateFrameworks/BackgroundTaskManagement.framework/Versions/A/BackgroundTaskManagement
0x00000000259c8000 	/usr/lib/libxslt.1.dylib
0x00000000259c8000 	/System/Library/Frameworks/Carbon.framework/Versions/A/Frameworks/Ink.framework/Versions/A/Ink
0x00000000259c8000 	/System/Library/PrivateFrameworks/TextureIO.framework/Versions/A/TextureIO
0x00000000259c8000 	/usr/lib/libate.dylib
0x00000000259c8000 	/System/Library/PrivateFrameworks/CrashReporterSupport.framework/Versions/A/CrashReporterSupport
0x00000000259c8000 	/System/Library/PrivateFrameworks/Sharing.framework/Versions/A/Sharing
0x00000000259c8000 	/System/Library/PrivateFrameworks/IconServices.framework/Versions/A/IconServices
0x00000000259c8000 	/System/Library/PrivateFrameworks/ProtocolBuffer.framework/Versions/A/ProtocolBuffer
0x00000000259c8000 	/System/Library/PrivateFrameworks/Apple80211.framework/Versions/A/Apple80211
0x00000000259c8000 	/System/Library/Frameworks/CoreWLAN.framework/Versions/A/CoreWLAN
0x00000000259c8000 	/System/Library/PrivateFrameworks/CoreUtils.framework/Versions/A/CoreUtils
0x00000000259c8000 	/System/Library/Frameworks/IOBluetooth.framework/Versions/A/IOBluetooth
0x00000000259c8000 	/System/Library/PrivateFrameworks/CoreWiFi.framework/Versions/A/CoreWiFi
0x00000000259c8000 	/System/Library/Frameworks/CoreBluetooth.framework/Versions/A/CoreBluetooth
0x00000000259c8000 	/System/Library/PrivateFrameworks/SignpostNotification.framework/Versions/A/SignpostNotification
0x00000000259c8000 	/System/Library/PrivateFrameworks/DebugSymbols.framework/Versions/A/DebugSymbols
0x00000000259c8000 	/System/Library/PrivateFrameworks/CoreSymbolication.framework/Versions/A/CoreSymbolication
0x00000000259c8000 	/System/Library/PrivateFrameworks/Symbolication.framework/Versions/A/Symbolication
0x00000000259c8000 	/System/Library/PrivateFrameworks/AppleFSCompression.framework/Versions/A/AppleFSCompression
0x00000000259c8000 	/System/Library/PrivateFrameworks/SpeechRecognitionCore.framework/Versions/A/SpeechRecognitionCore
0x000000010fe00000 	/Library/Java/JavaVirtualMachines/jdk1.8.0_152.jdk/Contents/Home/jre/lib/server/libjvm.dylib
0x00000000259c8000 	/usr/lib/libstdc++.6.0.9.dylib
0x000000010ec0f000 	/Library/Java/JavaVirtualMachines/jdk1.8.0_152.jdk/Contents/Home/jre/lib/libverify.dylib
0x000000010ec1d000 	/Library/Java/JavaVirtualMachines/jdk1.8.0_152.jdk/Contents/Home/jre/lib/libjava.dylib
0x000000010ec9d000 	/Library/Java/JavaVirtualMachines/jdk1.8.0_152.jdk/Contents/Home/jre/lib/libzip.dylib
0x0000000117a12000 	/Library/Java/JavaVirtualMachines/jdk1.8.0_152.jdk/Contents/Home/jre/lib/libmanagement.dylib
0x0000000117a20000 	/Library/Java/JavaVirtualMachines/jdk1.8.0_152.jdk/Contents/Home/jre/lib/libnio.dylib
0x0000000117a30000 	/Library/Java/JavaVirtualMachines/jdk1.8.0_152.jdk/Contents/Home/jre/lib/./libnet.dylib
0x0000000117fed000 	/private/var/folders/hx/_59pygmd0pbg6xfybxj4ngbc0000gn/T/jna-1941941083/jna5503284764567805229.tmp
0x00000000259c8000 	/System/Library/Frameworks/JavaVM.framework/Versions/A/JavaVM
0x00000000259c8000 	/System/Library/PrivateFrameworks/JavaLaunching.framework/Versions/A/JavaLaunching

VM Arguments:
jvm_args: -Djava.awt.headless=true -Djava.rmi.server.hostname=127.0.0.1 -Xmx1024m -XX:MaxPermSize=256m -Dkotlin.environment.keepalive 
java_command: org.jetbrains.kotlin.daemon.KotlinCompileDaemon --daemon-runFilesPath /Users/nicklas/Library/Application Support/kotlin/daemon --daemon-autoshutdownIdleSeconds=7200 --daemon-compilerClasspath /Users/nicklas/.gradle/caches/modules-2/files-2.1/org.jetbrains.kotlin/kotlin-compiler-embeddable/1.1.60/e0ea7c24d46acc433ece025023868bf9ffe5e437/kotlin-compiler-embeddable-1.1.60.jar:/Users/nicklas/.gradle/caches/modules-2/files-2.1/org.jetbrains.kotlin/kotlin-stdlib/1.1.60/ac63d0e86e690fe4eded7f1f8998996c28499989/kotlin-stdlib-1.1.60.jar:/Users/nicklas/.gradle/caches/modules-2/files-2.1/org.jetbrains.kotlin/kotlin-script-runtime/1.1.60/64c9714b95a3c6cc662c0b4185c6651d5bfb86c6/kotlin-script-runtime-1.1.60.jar:/Users/nicklas/.gradle/caches/modules-2/files-2.1/org.jetbrains.kotlin/kotlin-reflect/1.1.60/af5cabae2d352850b076213f358dc2150b14a812/kotlin-reflect-1.1.60.jar:/Library/Java/JavaVirtualMachines/jdk1.8.0_152.jdk/Contents/Home/lib/tools.jar
java_class_path (initial): /Users/nicklas/.gradle/caches/modules-2/files-2.1/org.jetbrains.kotlin/kotlin-compiler-embeddable/1.1.60/e0ea7c24d46acc433ece025023868bf9ffe5e437/kotlin-compiler-embeddable-1.1.60.jar:/Users/nicklas/.gradle/caches/modules-2/files-2.1/org.jetbrains.kotlin/kotlin-stdlib/1.1.60/ac63d0e86e690fe4eded7f1f8998996c28499989/kotlin-stdlib-1.1.60.jar:/Users/nicklas/.gradle/caches/modules-2/files-2.1/org.jetbrains.kotlin/kotlin-script-runtime/1.1.60/64c9714b95a3c6cc662c0b4185c6651d5bfb86c6/kotlin-script-runtime-1.1.60.jar:/Users/nicklas/.gradle/caches/modules-2/files-2.1/org.jetbrains.kotlin/kotlin-reflect/1.1.60/af5cabae2d352850b076213f358dc2150b14a812/kotlin-reflect-1.1.60.jar:/Library/Java/JavaVirtualMachines/jdk1.8.0_152.jdk/Contents/Home/lib/tools.jar
Launcher Type: SUN_STANDARD

Environment Variables:
PATH=/Users/nicklas/Library/Android/sdk/ndk-bundle:/Users/nicklas/Library/Android/sdk/platform-tools:/Users/nicklas/Library/Android/sdk/tools:/usr/local/bin:/usr/local/sbin:/Users/nicklas/.bin:/Users/nicklas/Dropbox/bin:/usr/local/lib/pebble/bin:/usr/local/texlive/2013/bin/x86_64-darwin:/Users/nicklas/Documents/Android/android-sdk/platform-tools:/usr/local/bin:/usr/local/sbin:/usr/bin:/bin:/usr/sbin:/sbin
SHELL=/bin/zsh

Signal Handlers:
SIGSEGV: [libjvm.dylib+0x5b494d], sa_mask[0]=11111111011111110111111111111111, sa_flags=SA_ONSTACK|SA_RESTART|SA_SIGINFO
SIGBUS: [libjvm.dylib+0x5b494d], sa_mask[0]=11111111011111110111111111111111, sa_flags=SA_RESTART|SA_SIGINFO
SIGFPE: [libjvm.dylib+0x48ab54], sa_mask[0]=11111111011111110111111111111111, sa_flags=SA_RESTART|SA_SIGINFO
SIGPIPE: [libjvm.dylib+0x48ab54], sa_mask[0]=11111111011111110111111111111111, sa_flags=SA_RESTART|SA_SIGINFO
SIGXFSZ: [libjvm.dylib+0x48ab54], sa_mask[0]=11111111011111110111111111111111, sa_flags=SA_RESTART|SA_SIGINFO
SIGILL: [libjvm.dylib+0x48ab54], sa_mask[0]=11111111011111110111111111111111, sa_flags=SA_RESTART|SA_SIGINFO
SIGUSR1: SIG_DFL, sa_mask[0]=00000000000000000000000000000000, sa_flags=SA_RESTART
SIGUSR2: [libjvm.dylib+0x48a672], sa_mask[0]=00100000000000000000000000000000, sa_flags=SA_RESTART|SA_SIGINFO
SIGHUP: [libjvm.dylib+0x488c49], sa_mask[0]=11111111011111110111111111111111, sa_flags=SA_RESTART|SA_SIGINFO
SIGINT: [libjvm.dylib+0x488c49], sa_mask[0]=11111111011111110111111111111111, sa_flags=SA_RESTART|SA_SIGINFO
SIGTERM: [libjvm.dylib+0x488c49], sa_mask[0]=11111111011111110111111111111111, sa_flags=SA_RESTART|SA_SIGINFO
SIGQUIT: [libjvm.dylib+0x488c49], sa_mask[0]=11111111011111110111111111111111, sa_flags=SA_RESTART|SA_SIGINFO


---------------  S Y S T E M  ---------------

OS:Bsduname:Darwin 17.2.0 Darwin Kernel Version 17.2.0: Fri Sep 29 18:27:05 PDT 2017; root:xnu-4570.20.62~3/RELEASE_X86_64 x86_64
rlimit: STACK 8192k, CORE 0k, NPROC 1418, NOFILE 10240, AS infinity
load average:4.99 3.59 3.14

CPU:total 8 (initial active 8) (4 cores per cpu, 2 threads per core) family 6 model 70 stepping 1, cmov, cx8, fxsr, mmx, sse, sse2, sse3, ssse3, sse4.1, sse4.2, popcnt, avx, avx2, aes, clmul, erms, rtm, lzcnt, ht, tsc, tscinvbit, bmi1, bmi2

Memory: 4k page, physical 16777216k(85548k free)

/proc/meminfo:


vm_info: Java HotSpot(TM) 64-Bit Server VM (25.152-b16) for bsd-amd64 JRE (1.8.0_152-b16), built on Sep 14 2017 02:31:13 by "java_re" with gcc 4.2.1 (Based on Apple Inc. build 5658) (LLVM build 2336.11.00)

time: Wed Nov 15 17:59:17 2017
elapsed time: 2398 seconds (0d 0h 39m 58s)

