#
# A fatal error has been detected by the Java Runtime Environment:
#
#  SIGSEGV (0xb) at pc=0x00007fff748d405c, pid=26867, tid=0x0000000000007103
#
# JRE version: Java(TM) SE Runtime Environment (8.0_152-b16) (build 1.8.0_152-b16)
# Java VM: Java HotSpot(TM) 64-Bit Server VM (25.152-b16 mixed mode bsd-amd64 compressed oops)
# Problematic frame:
# C  [libsystem_platform.dylib+0x505c]  _platform_memmove$VARIANT$Haswell+0x13c
#
# Failed to write core dump. Core dumps have been disabled. To enable core dumping, try "ulimit -c unlimited" before starting Java again
#
# If you would like to submit a bug report, please visit:
#   http://bugreport.java.com/bugreport/crash.jsp
# The crash happened outside the Java Virtual Machine in native code.
# See problematic frame for where to report the bug.
#

---------------  T H R E A D  ---------------

Current thread (0x00007ff0f02a3000):  JavaThread "RMI TCP Connection(13)-127.0.0.1" daemon [_thread_in_native, id=28931, stack(0x000070000bbea000,0x000070000bcea000)]

siginfo: si_signo: 11 (SIGSEGV), si_code: 1 (SEGV_MAPERR), si_addr: 0x000000011d89f000

Registers:
RAX=0x00007ff0f0cdf000, RBX=0x000000011d89e656, RCX=0x0000000000000020, RDX=0x0000000000000660
RSP=0x000070000bce5300, RBP=0x000070000bce5300, RSI=0x000000011d89efe4, RDI=0x00007ff0f0cdf960
R8 =0x00000000000000c0, R9 =0x0000000000002601, R10=0x0000000000000000, R11=0x00007fefd344097c
R12=0x0000000000000000, R13=0x000000002f464e49, R14=0x0000000000000000, R15=0x000000000000ed00
RIP=0x00007fff748d405c, EFLAGS=0x0000000000010206, ERR=0x0000000000000004
  TRAPNO=0x000000000000000e

Top of Stack: (sp=0x000070000bce5300)
0x000070000bce5300:   000070000bce5370 00000001054c2006
0x000070000bce5310:   000000000bce5300 00000000000000ed
0x000070000bce5320:   000000000000b641 00007ff0f0cdf000
0x000070000bce5330:   0000000000001000 00007ff0eadddff0
0x000070000bce5340:   00007ff0f1624890 00007ff0eadddff0
0x000070000bce5350:   00007ff0eadde190 00000000000002a0
0x000070000bce5360:   00000000497fa543 00007ff0f11ef780
0x000070000bce5370:   000070000bce53d0 00000001054c252d
0x000070000bce5380:   000070000bce5426 000070000bce5425
0x000070000bce5390:   0000003600000000 00000037012a3000
0x000070000bce53a0:   000070000bce53ee 000070000bce5838
0x000070000bce53b0:   0000000000000037 000070000bce53ee
0x000070000bce53c0:   00007ff0eadddff0 00007ff0f02a31f8
0x000070000bce53d0:   000070000bce5820 00000001054c1238
0x000070000bce53e0:   00000000ffffffff 454d000100000001
0x000070000bce53f0:   732f464e492d4154 2f73656369767265
0x000070000bce5400:   6e612e786176616a 6e6f697461746f6e
0x000070000bce5410:   737365636f72702e 636f72502e676e69
0x000070000bce5420:   000000726f737365 00000001067f3d8e
0x000070000bce5430:   0000000000000004 0000000000000004
0x000070000bce5440:   000070000bce5470 00000001068eb38c
0x000070000bce5450:   00007ff0f02a3000 00007ff0f02a3000
0x000070000bce5460:   00000000000000bd 000070000bce54e8
0x000070000bce5470:   000070000bce54c8 0000000107daabe6
0x000070000bce5480:   00000007b4790a00 000070000bce5488
0x000070000bce5490:   0000000119206efb 000070000bce54e8
0x000070000bce54a0:   0000000119207958 0000000000000000
0x000070000bce54b0:   0000000119206f48 0000000100000000
0x000070000bce54c0:   000070000bce54e8 000070000bce5530
0x000070000bce54d0:   0000000107d8e2bd 00000007b4790a38
0x000070000bce54e0:   00000007b4790a18 0000000000000000
0x000070000bce54f0:   0000000000000001 0000000419206e01 

Instructions: (pc=0x00007fff748d405c)
0x00007fff748d403c:   40 48 81 ea 80 00 00 00 76 5a 48 f7 c6 1f 00 00
0x00007fff748d404c:   00 74 31 c5 fc 29 0f c5 fc 29 57 20 48 83 c7 40
0x00007fff748d405c:   c5 fc 10 0e c5 fc 10 56 20 48 83 c6 40 48 83 ea
0x00007fff748d406c:   40 77 e0 eb 2f 66 66 66 66 66 66 2e 0f 1f 84 00 

Register to memory mapping:

RAX=0x00007ff0f0cdf000 is an unknown value
RBX=0x000000011d89e656 is an unknown value
RCX=0x0000000000000020 is an unknown value
RDX=0x0000000000000660 is an unknown value
RSP=0x000070000bce5300 is pointing into the stack for thread: 0x00007ff0f02a3000
RBP=0x000070000bce5300 is pointing into the stack for thread: 0x00007ff0f02a3000
RSI=0x000000011d89efe4 is an unknown value
RDI=0x00007ff0f0cdf960 is an unknown value
R8 =0x00000000000000c0 is an unknown value
R9 =0x0000000000002601 is an unknown value
R10=0x0000000000000000 is an unknown value
R11=0x00007fefd344097c is an unknown value
R12=0x0000000000000000 is an unknown value
R13=0x000000002f464e49 is an unknown value
R14=0x0000000000000000 is an unknown value
R15=0x000000000000ed00 is an unknown value


Stack: [0x000070000bbea000,0x000070000bcea000],  sp=0x000070000bce5300,  free space=1004k
Native frames: (J=compiled Java code, j=interpreted, Vv=VM code, C=native code)
C  [libsystem_platform.dylib+0x505c]  _platform_memmove$VARIANT$Haswell+0x13c
C  [libzip.dylib+0x3006]  newEntry+0x2c8
C  [libzip.dylib+0x352d]  ZIP_GetEntry2+0xd4
C  [libzip.dylib+0x2238]  Java_java_util_zip_ZipFile_getEntry+0xcf
J 104  java.util.zip.ZipFile.getEntry(J[BZ)J (0 bytes) @ 0x0000000107ec98ce [0x0000000107ec9800+0xce]
J 5143 C2 java.util.zip.ZipFile.getEntry(Ljava/lang/String;)Ljava/util/zip/ZipEntry; (101 bytes) @ 0x0000000108de8330 [0x0000000108de7fc0+0x370]
J 193 C1 java.util.jar.JarFile.getEntry(Ljava/lang/String;)Ljava/util/zip/ZipEntry; (22 bytes) @ 0x0000000107f0b8a4 [0x0000000107f0b820+0x84]
j  sun.net.www.protocol.jar.URLJarFile.getEntry(Ljava/lang/String;)Ljava/util/zip/ZipEntry;+2
j  sun.net.www.protocol.jar.JarURLConnection.connect()V+78
j  sun.net.www.protocol.jar.JarURLConnection.getInputStream()Ljava/io/InputStream;+1
j  java.net.URL.openStream()Ljava/io/InputStream;+4
j  java.util.ServiceLoader.parse(Ljava/lang/Class;Ljava/net/URL;)Ljava/util/Iterator;+15
j  java.util.ServiceLoader.access$200(Ljava/util/ServiceLoader;Ljava/lang/Class;Ljava/net/URL;)Ljava/util/Iterator;+3
j  java.util.ServiceLoader$LazyIterator.hasNextService()Z+140
j  java.util.ServiceLoader$LazyIterator.hasNext()Z+11
j  java.util.ServiceLoader$1.hasNext()Z+21
J 9125 C1 kotlin.collections.CollectionsKt___CollectionsKt.toCollection(Ljava/lang/Iterable;Ljava/util/Collection;)Ljava/util/Collection; (49 bytes) @ 0x00000001098e8f5c [0x00000001098e8ac0+0x49c]
j  kotlin.collections.CollectionsKt___CollectionsKt.toMutableList(Ljava/lang/Iterable;)Ljava/util/List;+32
J 10543 C2 kotlin.collections.CollectionsKt___CollectionsKt.toList(Ljava/lang/Iterable;)Ljava/util/List; (107 bytes) @ 0x0000000109df41e8 [0x0000000109df3fc0+0x228]
j  org.jetbrains.kotlin.kapt3.ClasspathBasedKapt3Extension.loadProcessors()Ljava/util/List;+190
j  org.jetbrains.kotlin.kapt3.AbstractKapt3Extension.analysisCompleted(Lorg/jetbrains/kotlin/com/intellij/openapi/project/Project;Lorg/jetbrains/kotlin/descriptors/ModuleDescriptor;Lorg/jetbrains/kotlin/resolve/BindingTrace;Ljava/util/Collection;)Lorg/jetbrains/kotlin/analyzer/AnalysisResult;+104
j  org.jetbrains.kotlin.kapt3.ClasspathBasedKapt3Extension.analysisCompleted(Lorg/jetbrains/kotlin/com/intellij/openapi/project/Project;Lorg/jetbrains/kotlin/descriptors/ModuleDescriptor;Lorg/jetbrains/kotlin/resolve/BindingTrace;Ljava/util/Collection;)Lorg/jetbrains/kotlin/analyzer/AnalysisResult;+32
j  org.jetbrains.kotlin.cli.jvm.compiler.TopDownAnalyzerFacadeForJVM$analyzeFilesWithJavaIntegration$2.invoke()Lorg/jetbrains/kotlin/analyzer/AnalysisResult;+46
j  org.jetbrains.kotlin.cli.jvm.compiler.TopDownAnalyzerFacadeForJVM.analyzeFilesWithJavaIntegration(Lorg/jetbrains/kotlin/com/intellij/openapi/project/Project;Ljava/util/Collection;Lorg/jetbrains/kotlin/resolve/BindingTrace;Lorg/jetbrains/kotlin/config/CompilerConfiguration;Lkotlin/jvm/functions/Function1;Lkotlin/jvm/functions/Function2;Lorg/jetbrains/kotlin/com/intellij/psi/search/GlobalSearchScope;)Lorg/jetbrains/kotlin/analyzer/AnalysisResult;+179
j  org.jetbrains.kotlin.cli.jvm.compiler.TopDownAnalyzerFacadeForJVM.analyzeFilesWithJavaIntegration$default(Lorg/jetbrains/kotlin/com/intellij/openapi/project/Project;Ljava/util/Collection;Lorg/jetbrains/kotlin/resolve/BindingTrace;Lorg/jetbrains/kotlin/config/CompilerConfiguration;Lkotlin/jvm/functions/Function1;Lkotlin/jvm/functions/Function2;Lorg/jetbrains/kotlin/com/intellij/psi/search/GlobalSearchScope;ILjava/lang/Object;)Lorg/jetbrains/kotlin/analyzer/AnalysisResult;+44
j  org.jetbrains.kotlin.cli.jvm.compiler.KotlinToJVMBytecodeCompiler$analyze$1.invoke()Lorg/jetbrains/kotlin/analyzer/AnalysisResult;+254
j  org.jetbrains.kotlin.cli.jvm.compiler.KotlinToJVMBytecodeCompiler$analyze$1.invoke()Ljava/lang/Object;+1
j  org.jetbrains.kotlin.cli.common.messages.AnalyzerWithCompilerReport.analyzeAndReport(Ljava/util/Collection;Lkotlin/jvm/functions/Function0;)V+16
j  org.jetbrains.kotlin.cli.jvm.compiler.KotlinToJVMBytecodeCompiler.analyze(Lorg/jetbrains/kotlin/cli/jvm/compiler/KotlinCoreEnvironment;Ljava/lang/String;)Lorg/jetbrains/kotlin/analyzer/AnalysisResult;+49
j  org.jetbrains.kotlin.cli.jvm.compiler.KotlinToJVMBytecodeCompiler.compileModules(Lorg/jetbrains/kotlin/cli/jvm/compiler/KotlinCoreEnvironment;Ljava/io/File;)Z+208
j  org.jetbrains.kotlin.cli.jvm.K2JVMCompiler.doExecute(Lorg/jetbrains/kotlin/cli/common/arguments/K2JVMCompilerArguments;Lorg/jetbrains/kotlin/config/CompilerConfiguration;Lorg/jetbrains/kotlin/com/intellij/openapi/Disposable;Lorg/jetbrains/kotlin/utils/KotlinPaths;)Lorg/jetbrains/kotlin/cli/common/ExitCode;+710
j  org.jetbrains.kotlin.cli.jvm.K2JVMCompiler.doExecute(Lorg/jetbrains/kotlin/cli/common/arguments/CommonCompilerArguments;Lorg/jetbrains/kotlin/config/CompilerConfiguration;Lorg/jetbrains/kotlin/com/intellij/openapi/Disposable;Lorg/jetbrains/kotlin/utils/KotlinPaths;)Lorg/jetbrains/kotlin/cli/common/ExitCode;+9
j  org.jetbrains.kotlin.cli.common.CLICompiler.execImpl(Lorg/jetbrains/kotlin/cli/common/messages/MessageCollector;Lorg/jetbrains/kotlin/config/Services;Lorg/jetbrains/kotlin/cli/common/arguments/CommonCompilerArguments;)Lorg/jetbrains/kotlin/cli/common/ExitCode;+158
j  org.jetbrains.kotlin.cli.common.CLICompiler.execImpl(Lorg/jetbrains/kotlin/cli/common/messages/MessageCollector;Lorg/jetbrains/kotlin/config/Services;Lorg/jetbrains/kotlin/cli/common/arguments/CommonToolArguments;)Lorg/jetbrains/kotlin/cli/common/ExitCode;+7
j  org.jetbrains.kotlin.cli.common.CLITool.exec(Lorg/jetbrains/kotlin/cli/common/messages/MessageCollector;Lorg/jetbrains/kotlin/config/Services;Lorg/jetbrains/kotlin/cli/common/arguments/CommonToolArguments;)Lorg/jetbrains/kotlin/cli/common/ExitCode;+69
j  org.jetbrains.kotlin.incremental.IncrementalJvmCompilerRunner.runCompiler(Ljava/util/Set;Lorg/jetbrains/kotlin/cli/common/arguments/K2JVMCompilerArguments;Lorg/jetbrains/kotlin/incremental/IncrementalJvmCachesManager;Lorg/jetbrains/kotlin/config/Services;Lorg/jetbrains/kotlin/cli/common/messages/MessageCollector;)Lorg/jetbrains/kotlin/cli/common/ExitCode;+200
j  org.jetbrains.kotlin.incremental.IncrementalJvmCompilerRunner.runCompiler(Ljava/util/Set;Lorg/jetbrains/kotlin/cli/common/arguments/CommonCompilerArguments;Lorg/jetbrains/kotlin/incremental/IncrementalCachesManager;Lorg/jetbrains/kotlin/config/Services;Lorg/jetbrains/kotlin/cli/common/messages/MessageCollector;)Lorg/jetbrains/kotlin/cli/common/ExitCode;+14
j  org.jetbrains.kotlin.incremental.IncrementalCompilerRunner.compileIncrementally(Lorg/jetbrains/kotlin/cli/common/arguments/CommonCompilerArguments;Lorg/jetbrains/kotlin/incremental/IncrementalCachesManager;Ljava/util/List;Lorg/jetbrains/kotlin/incremental/IncrementalCompilerRunner$CompilationMode;Lorg/jetbrains/kotlin/cli/common/messages/MessageCollector;)Lorg/jetbrains/kotlin/cli/common/ExitCode;+422
j  org.jetbrains.kotlin.incremental.IncrementalCompilerRunner.access$compileIncrementally(Lorg/jetbrains/kotlin/incremental/IncrementalCompilerRunner;Lorg/jetbrains/kotlin/cli/common/arguments/CommonCompilerArguments;Lorg/jetbrains/kotlin/incremental/IncrementalCachesManager;Ljava/util/List;Lorg/jetbrains/kotlin/incremental/IncrementalCompilerRunner$CompilationMode;Lorg/jetbrains/kotlin/cli/common/messages/MessageCollector;)Lorg/jetbrains/kotlin/cli/common/ExitCode;+8
j  org.jetbrains.kotlin.incremental.IncrementalCompilerRunner$compile$2.invoke()Lorg/jetbrains/kotlin/cli/common/ExitCode;+123
j  org.jetbrains.kotlin.incremental.IncrementalCompilerRunner.compile(Ljava/util/List;Lorg/jetbrains/kotlin/cli/common/arguments/CommonCompilerArguments;Lorg/jetbrains/kotlin/cli/common/messages/MessageCollector;Lkotlin/jvm/functions/Function1;)Lorg/jetbrains/kotlin/cli/common/ExitCode;+194
j  org.jetbrains.kotlin.daemon.CompileServiceImpl.execIncrementalCompiler(Lorg/jetbrains/kotlin/cli/common/arguments/K2JVMCompilerArguments;Lorg/jetbrains/kotlin/daemon/common/IncrementalCompilationOptions;Lorg/jetbrains/kotlin/daemon/common/IncrementalCompilerServicesFacade;Lorg/jetbrains/kotlin/daemon/common/CompilationResults;Lorg/jetbrains/kotlin/cli/common/messages/MessageCollector;Lorg/jetbrains/kotlin/daemon/report/DaemonMessageReporter;)Lorg/jetbrains/kotlin/cli/common/ExitCode;+959
j  org.jetbrains.kotlin.daemon.CompileServiceImpl.access$execIncrementalCompiler(Lorg/jetbrains/kotlin/daemon/CompileServiceImpl;Lorg/jetbrains/kotlin/cli/common/arguments/K2JVMCompilerArguments;Lorg/jetbrains/kotlin/daemon/common/IncrementalCompilationOptions;Lorg/jetbrains/kotlin/daemon/common/IncrementalCompilerServicesFacade;Lorg/jetbrains/kotlin/daemon/common/CompilationResults;Lorg/jetbrains/kotlin/cli/common/messages/MessageCollector;Lorg/jetbrains/kotlin/daemon/report/DaemonMessageReporter;)Lorg/jetbrains/kotlin/cli/common/ExitCode;+10
j  org.jetbrains.kotlin.daemon.CompileServiceImpl$compile$$inlined$ifAlive$lambda$2.invoke(Lorg/jetbrains/kotlin/daemon/EventManager;Lorg/jetbrains/kotlin/daemon/common/Profiler;)Lorg/jetbrains/kotlin/cli/common/ExitCode;+50
j  org.jetbrains.kotlin.daemon.CompileServiceImpl$compile$$inlined$ifAlive$lambda$2.invoke(Ljava/lang/Object;Ljava/lang/Object;)Ljava/lang/Object;+9
j  org.jetbrains.kotlin.daemon.CompileServiceImpl$doCompile$$inlined$ifAlive$lambda$2.invoke()I+12
j  org.jetbrains.kotlin.daemon.CompileServiceImpl$doCompile$$inlined$ifAlive$lambda$2.invoke()Ljava/lang/Object;+1
j  org.jetbrains.kotlin.daemon.common.DummyProfiler.withMeasure(Ljava/lang/Object;Lkotlin/jvm/functions/Function0;)Ljava/lang/Object;+7
j  org.jetbrains.kotlin.daemon.CompileServiceImpl.checkedCompile(Lorg/jetbrains/kotlin/daemon/report/DaemonMessageReporter;Lorg/jetbrains/kotlin/daemon/common/Profiler;Lkotlin/jvm/functions/Function0;)Ljava/lang/Object;+41
j  org.jetbrains.kotlin.daemon.CompileServiceImpl.doCompile(ILorg/jetbrains/kotlin/daemon/report/DaemonMessageReporter;Lorg/jetbrains/kotlin/daemon/common/RemoteOperationsTracer;Lkotlin/jvm/functions/Function2;)Lorg/jetbrains/kotlin/daemon/common/CompileService$CallResult;+300
j  org.jetbrains.kotlin.daemon.CompileServiceImpl.compile(I[Ljava/lang/String;Lorg/jetbrains/kotlin/daemon/common/CompilationOptions;Lorg/jetbrains/kotlin/daemon/common/CompilerServicesFacadeBase;Lorg/jetbrains/kotlin/daemon/common/CompilationResults;)Lorg/jetbrains/kotlin/daemon/common/CompileService$CallResult;+655
v  ~StubRoutines::call_stub
V  [libjvm.dylib+0x2ef7b2]
V  [libjvm.dylib+0x4d58e8]
V  [libjvm.dylib+0x4d5e1c]
V  [libjvm.dylib+0x347c20]
J 1228  sun.reflect.NativeMethodAccessorImpl.invoke0(Ljava/lang/reflect/Method;Ljava/lang/Object;[Ljava/lang/Object;)Ljava/lang/Object; (0 bytes) @ 0x00000001081538ed [0x0000000108153800+0xed]
J 1227 C1 sun.reflect.NativeMethodAccessorImpl.invoke(Ljava/lang/Object;[Ljava/lang/Object;)Ljava/lang/Object; (104 bytes) @ 0x0000000108158b94 [0x00000001081579c0+0x11d4]
J 1146 C1 sun.reflect.DelegatingMethodAccessorImpl.invoke(Ljava/lang/Object;[Ljava/lang/Object;)Ljava/lang/Object; (10 bytes) @ 0x000000010811e48c [0x000000010811e380+0x10c]
J 1145 C1 java.lang.reflect.Method.invoke(Ljava/lang/Object;[Ljava/lang/Object;)Ljava/lang/Object; (62 bytes) @ 0x000000010811ec5c [0x000000010811e860+0x3fc]
j  sun.rmi.server.UnicastServerRef.dispatch(Ljava/rmi/Remote;Ljava/rmi/server/RemoteCall;)V+231
j  sun.rmi.transport.Transport$1.run()Ljava/lang/Void;+23
j  sun.rmi.transport.Transport$1.run()Ljava/lang/Object;+1
v  ~StubRoutines::call_stub
V  [libjvm.dylib+0x2ef7b2]
V  [libjvm.dylib+0x34ff7c]
J 188  java.security.AccessController.doPrivileged(Ljava/security/PrivilegedExceptionAction;Ljava/security/AccessControlContext;)Ljava/lang/Object; (0 bytes) @ 0x0000000107f09895 [0x0000000107f097c0+0xd5]
j  sun.rmi.transport.Transport.serviceCall(Ljava/rmi/server/RemoteCall;)Z+157
j  sun.rmi.transport.tcp.TCPTransport.handleMessages(Lsun/rmi/transport/Connection;Z)V+185
j  sun.rmi.transport.tcp.TCPTransport$ConnectionHandler.run0()V+680
j  sun.rmi.transport.tcp.TCPTransport$ConnectionHandler.lambda$run$0()Ljava/lang/Void;+1
j  sun.rmi.transport.tcp.TCPTransport$ConnectionHandler$$Lambda$6.run()Ljava/lang/Object;+4
v  ~StubRoutines::call_stub
V  [libjvm.dylib+0x2ef7b2]
V  [libjvm.dylib+0x34ff7c]
J 7382  java.security.AccessController.doPrivileged(Ljava/security/PrivilegedAction;Ljava/security/AccessControlContext;)Ljava/lang/Object; (0 bytes) @ 0x0000000107f06015 [0x0000000107f05f40+0xd5]
j  sun.rmi.transport.tcp.TCPTransport$ConnectionHandler.run()V+58
j  java.util.concurrent.ThreadPoolExecutor.runWorker(Ljava/util/concurrent/ThreadPoolExecutor$Worker;)V+95
j  java.util.concurrent.ThreadPoolExecutor$Worker.run()V+5
j  java.lang.Thread.run()V+11
v  ~StubRoutines::call_stub
V  [libjvm.dylib+0x2ef7b2]
V  [libjvm.dylib+0x2eff56]
V  [libjvm.dylib+0x2f0102]
V  [libjvm.dylib+0x34a8c5]
V  [libjvm.dylib+0x56e327]
V  [libjvm.dylib+0x56fa14]
V  [libjvm.dylib+0x48d542]
C  [libsystem_pthread.dylib+0x36c1]  _pthread_body+0x154
C  [libsystem_pthread.dylib+0x356d]  _pthread_body+0x0
C  [libsystem_pthread.dylib+0x2c5d]  thread_start+0xd
C  0x0000000000000000

Java frames: (J=compiled Java code, j=interpreted, Vv=VM code)
J 104  java.util.zip.ZipFile.getEntry(J[BZ)J (0 bytes) @ 0x0000000107ec9858 [0x0000000107ec9800+0x58]
J 5143 C2 java.util.zip.ZipFile.getEntry(Ljava/lang/String;)Ljava/util/zip/ZipEntry; (101 bytes) @ 0x0000000108de8330 [0x0000000108de7fc0+0x370]
J 193 C1 java.util.jar.JarFile.getEntry(Ljava/lang/String;)Ljava/util/zip/ZipEntry; (22 bytes) @ 0x0000000107f0b8a4 [0x0000000107f0b820+0x84]
j  sun.net.www.protocol.jar.URLJarFile.getEntry(Ljava/lang/String;)Ljava/util/zip/ZipEntry;+2
j  sun.net.www.protocol.jar.JarURLConnection.connect()V+78
j  sun.net.www.protocol.jar.JarURLConnection.getInputStream()Ljava/io/InputStream;+1
j  java.net.URL.openStream()Ljava/io/InputStream;+4
j  java.util.ServiceLoader.parse(Ljava/lang/Class;Ljava/net/URL;)Ljava/util/Iterator;+15
j  java.util.ServiceLoader.access$200(Ljava/util/ServiceLoader;Ljava/lang/Class;Ljava/net/URL;)Ljava/util/Iterator;+3
j  java.util.ServiceLoader$LazyIterator.hasNextService()Z+140
j  java.util.ServiceLoader$LazyIterator.hasNext()Z+11
j  java.util.ServiceLoader$1.hasNext()Z+21
J 9125 C1 kotlin.collections.CollectionsKt___CollectionsKt.toCollection(Ljava/lang/Iterable;Ljava/util/Collection;)Ljava/util/Collection; (49 bytes) @ 0x00000001098e8f5c [0x00000001098e8ac0+0x49c]
j  kotlin.collections.CollectionsKt___CollectionsKt.toMutableList(Ljava/lang/Iterable;)Ljava/util/List;+32
J 10543 C2 kotlin.collections.CollectionsKt___CollectionsKt.toList(Ljava/lang/Iterable;)Ljava/util/List; (107 bytes) @ 0x0000000109df41e8 [0x0000000109df3fc0+0x228]
j  org.jetbrains.kotlin.kapt3.ClasspathBasedKapt3Extension.loadProcessors()Ljava/util/List;+190
j  org.jetbrains.kotlin.kapt3.AbstractKapt3Extension.analysisCompleted(Lorg/jetbrains/kotlin/com/intellij/openapi/project/Project;Lorg/jetbrains/kotlin/descriptors/ModuleDescriptor;Lorg/jetbrains/kotlin/resolve/BindingTrace;Ljava/util/Collection;)Lorg/jetbrains/kotlin/analyzer/AnalysisResult;+104
j  org.jetbrains.kotlin.kapt3.ClasspathBasedKapt3Extension.analysisCompleted(Lorg/jetbrains/kotlin/com/intellij/openapi/project/Project;Lorg/jetbrains/kotlin/descriptors/ModuleDescriptor;Lorg/jetbrains/kotlin/resolve/BindingTrace;Ljava/util/Collection;)Lorg/jetbrains/kotlin/analyzer/AnalysisResult;+32
j  org.jetbrains.kotlin.cli.jvm.compiler.TopDownAnalyzerFacadeForJVM$analyzeFilesWithJavaIntegration$2.invoke()Lorg/jetbrains/kotlin/analyzer/AnalysisResult;+46
j  org.jetbrains.kotlin.cli.jvm.compiler.TopDownAnalyzerFacadeForJVM.analyzeFilesWithJavaIntegration(Lorg/jetbrains/kotlin/com/intellij/openapi/project/Project;Ljava/util/Collection;Lorg/jetbrains/kotlin/resolve/BindingTrace;Lorg/jetbrains/kotlin/config/CompilerConfiguration;Lkotlin/jvm/functions/Function1;Lkotlin/jvm/functions/Function2;Lorg/jetbrains/kotlin/com/intellij/psi/search/GlobalSearchScope;)Lorg/jetbrains/kotlin/analyzer/AnalysisResult;+179
j  org.jetbrains.kotlin.cli.jvm.compiler.TopDownAnalyzerFacadeForJVM.analyzeFilesWithJavaIntegration$default(Lorg/jetbrains/kotlin/com/intellij/openapi/project/Project;Ljava/util/Collection;Lorg/jetbrains/kotlin/resolve/BindingTrace;Lorg/jetbrains/kotlin/config/CompilerConfiguration;Lkotlin/jvm/functions/Function1;Lkotlin/jvm/functions/Function2;Lorg/jetbrains/kotlin/com/intellij/psi/search/GlobalSearchScope;ILjava/lang/Object;)Lorg/jetbrains/kotlin/analyzer/AnalysisResult;+44
j  org.jetbrains.kotlin.cli.jvm.compiler.KotlinToJVMBytecodeCompiler$analyze$1.invoke()Lorg/jetbrains/kotlin/analyzer/AnalysisResult;+254
j  org.jetbrains.kotlin.cli.jvm.compiler.KotlinToJVMBytecodeCompiler$analyze$1.invoke()Ljava/lang/Object;+1
j  org.jetbrains.kotlin.cli.common.messages.AnalyzerWithCompilerReport.analyzeAndReport(Ljava/util/Collection;Lkotlin/jvm/functions/Function0;)V+16
j  org.jetbrains.kotlin.cli.jvm.compiler.KotlinToJVMBytecodeCompiler.analyze(Lorg/jetbrains/kotlin/cli/jvm/compiler/KotlinCoreEnvironment;Ljava/lang/String;)Lorg/jetbrains/kotlin/analyzer/AnalysisResult;+49
j  org.jetbrains.kotlin.cli.jvm.compiler.KotlinToJVMBytecodeCompiler.compileModules(Lorg/jetbrains/kotlin/cli/jvm/compiler/KotlinCoreEnvironment;Ljava/io/File;)Z+208
j  org.jetbrains.kotlin.cli.jvm.K2JVMCompiler.doExecute(Lorg/jetbrains/kotlin/cli/common/arguments/K2JVMCompilerArguments;Lorg/jetbrains/kotlin/config/CompilerConfiguration;Lorg/jetbrains/kotlin/com/intellij/openapi/Disposable;Lorg/jetbrains/kotlin/utils/KotlinPaths;)Lorg/jetbrains/kotlin/cli/common/ExitCode;+710
j  org.jetbrains.kotlin.cli.jvm.K2JVMCompiler.doExecute(Lorg/jetbrains/kotlin/cli/common/arguments/CommonCompilerArguments;Lorg/jetbrains/kotlin/config/CompilerConfiguration;Lorg/jetbrains/kotlin/com/intellij/openapi/Disposable;Lorg/jetbrains/kotlin/utils/KotlinPaths;)Lorg/jetbrains/kotlin/cli/common/ExitCode;+9
j  org.jetbrains.kotlin.cli.common.CLICompiler.execImpl(Lorg/jetbrains/kotlin/cli/common/messages/MessageCollector;Lorg/jetbrains/kotlin/config/Services;Lorg/jetbrains/kotlin/cli/common/arguments/CommonCompilerArguments;)Lorg/jetbrains/kotlin/cli/common/ExitCode;+158
j  org.jetbrains.kotlin.cli.common.CLICompiler.execImpl(Lorg/jetbrains/kotlin/cli/common/messages/MessageCollector;Lorg/jetbrains/kotlin/config/Services;Lorg/jetbrains/kotlin/cli/common/arguments/CommonToolArguments;)Lorg/jetbrains/kotlin/cli/common/ExitCode;+7
j  org.jetbrains.kotlin.cli.common.CLITool.exec(Lorg/jetbrains/kotlin/cli/common/messages/MessageCollector;Lorg/jetbrains/kotlin/config/Services;Lorg/jetbrains/kotlin/cli/common/arguments/CommonToolArguments;)Lorg/jetbrains/kotlin/cli/common/ExitCode;+69
j  org.jetbrains.kotlin.incremental.IncrementalJvmCompilerRunner.runCompiler(Ljava/util/Set;Lorg/jetbrains/kotlin/cli/common/arguments/K2JVMCompilerArguments;Lorg/jetbrains/kotlin/incremental/IncrementalJvmCachesManager;Lorg/jetbrains/kotlin/config/Services;Lorg/jetbrains/kotlin/cli/common/messages/MessageCollector;)Lorg/jetbrains/kotlin/cli/common/ExitCode;+200
j  org.jetbrains.kotlin.incremental.IncrementalJvmCompilerRunner.runCompiler(Ljava/util/Set;Lorg/jetbrains/kotlin/cli/common/arguments/CommonCompilerArguments;Lorg/jetbrains/kotlin/incremental/IncrementalCachesManager;Lorg/jetbrains/kotlin/config/Services;Lorg/jetbrains/kotlin/cli/common/messages/MessageCollector;)Lorg/jetbrains/kotlin/cli/common/ExitCode;+14
j  org.jetbrains.kotlin.incremental.IncrementalCompilerRunner.compileIncrementally(Lorg/jetbrains/kotlin/cli/common/arguments/CommonCompilerArguments;Lorg/jetbrains/kotlin/incremental/IncrementalCachesManager;Ljava/util/List;Lorg/jetbrains/kotlin/incremental/IncrementalCompilerRunner$CompilationMode;Lorg/jetbrains/kotlin/cli/common/messages/MessageCollector;)Lorg/jetbrains/kotlin/cli/common/ExitCode;+422
j  org.jetbrains.kotlin.incremental.IncrementalCompilerRunner.access$compileIncrementally(Lorg/jetbrains/kotlin/incremental/IncrementalCompilerRunner;Lorg/jetbrains/kotlin/cli/common/arguments/CommonCompilerArguments;Lorg/jetbrains/kotlin/incremental/IncrementalCachesManager;Ljava/util/List;Lorg/jetbrains/kotlin/incremental/IncrementalCompilerRunner$CompilationMode;Lorg/jetbrains/kotlin/cli/common/messages/MessageCollector;)Lorg/jetbrains/kotlin/cli/common/ExitCode;+8
j  org.jetbrains.kotlin.incremental.IncrementalCompilerRunner$compile$2.invoke()Lorg/jetbrains/kotlin/cli/common/ExitCode;+123
j  org.jetbrains.kotlin.incremental.IncrementalCompilerRunner.compile(Ljava/util/List;Lorg/jetbrains/kotlin/cli/common/arguments/CommonCompilerArguments;Lorg/jetbrains/kotlin/cli/common/messages/MessageCollector;Lkotlin/jvm/functions/Function1;)Lorg/jetbrains/kotlin/cli/common/ExitCode;+194
j  org.jetbrains.kotlin.daemon.CompileServiceImpl.execIncrementalCompiler(Lorg/jetbrains/kotlin/cli/common/arguments/K2JVMCompilerArguments;Lorg/jetbrains/kotlin/daemon/common/IncrementalCompilationOptions;Lorg/jetbrains/kotlin/daemon/common/IncrementalCompilerServicesFacade;Lorg/jetbrains/kotlin/daemon/common/CompilationResults;Lorg/jetbrains/kotlin/cli/common/messages/MessageCollector;Lorg/jetbrains/kotlin/daemon/report/DaemonMessageReporter;)Lorg/jetbrains/kotlin/cli/common/ExitCode;+959
j  org.jetbrains.kotlin.daemon.CompileServiceImpl.access$execIncrementalCompiler(Lorg/jetbrains/kotlin/daemon/CompileServiceImpl;Lorg/jetbrains/kotlin/cli/common/arguments/K2JVMCompilerArguments;Lorg/jetbrains/kotlin/daemon/common/IncrementalCompilationOptions;Lorg/jetbrains/kotlin/daemon/common/IncrementalCompilerServicesFacade;Lorg/jetbrains/kotlin/daemon/common/CompilationResults;Lorg/jetbrains/kotlin/cli/common/messages/MessageCollector;Lorg/jetbrains/kotlin/daemon/report/DaemonMessageReporter;)Lorg/jetbrains/kotlin/cli/common/ExitCode;+10
j  org.jetbrains.kotlin.daemon.CompileServiceImpl$compile$$inlined$ifAlive$lambda$2.invoke(Lorg/jetbrains/kotlin/daemon/EventManager;Lorg/jetbrains/kotlin/daemon/common/Profiler;)Lorg/jetbrains/kotlin/cli/common/ExitCode;+50
j  org.jetbrains.kotlin.daemon.CompileServiceImpl$compile$$inlined$ifAlive$lambda$2.invoke(Ljava/lang/Object;Ljava/lang/Object;)Ljava/lang/Object;+9
j  org.jetbrains.kotlin.daemon.CompileServiceImpl$doCompile$$inlined$ifAlive$lambda$2.invoke()I+12
j  org.jetbrains.kotlin.daemon.CompileServiceImpl$doCompile$$inlined$ifAlive$lambda$2.invoke()Ljava/lang/Object;+1
j  org.jetbrains.kotlin.daemon.common.DummyProfiler.withMeasure(Ljava/lang/Object;Lkotlin/jvm/functions/Function0;)Ljava/lang/Object;+7
j  org.jetbrains.kotlin.daemon.CompileServiceImpl.checkedCompile(Lorg/jetbrains/kotlin/daemon/report/DaemonMessageReporter;Lorg/jetbrains/kotlin/daemon/common/Profiler;Lkotlin/jvm/functions/Function0;)Ljava/lang/Object;+41
j  org.jetbrains.kotlin.daemon.CompileServiceImpl.doCompile(ILorg/jetbrains/kotlin/daemon/report/DaemonMessageReporter;Lorg/jetbrains/kotlin/daemon/common/RemoteOperationsTracer;Lkotlin/jvm/functions/Function2;)Lorg/jetbrains/kotlin/daemon/common/CompileService$CallResult;+300
j  org.jetbrains.kotlin.daemon.CompileServiceImpl.compile(I[Ljava/lang/String;Lorg/jetbrains/kotlin/daemon/common/CompilationOptions;Lorg/jetbrains/kotlin/daemon/common/CompilerServicesFacadeBase;Lorg/jetbrains/kotlin/daemon/common/CompilationResults;)Lorg/jetbrains/kotlin/daemon/common/CompileService$CallResult;+655
v  ~StubRoutines::call_stub
J 1228  sun.reflect.NativeMethodAccessorImpl.invoke0(Ljava/lang/reflect/Method;Ljava/lang/Object;[Ljava/lang/Object;)Ljava/lang/Object; (0 bytes) @ 0x0000000108153877 [0x0000000108153800+0x77]
J 1227 C1 sun.reflect.NativeMethodAccessorImpl.invoke(Ljava/lang/Object;[Ljava/lang/Object;)Ljava/lang/Object; (104 bytes) @ 0x0000000108158b94 [0x00000001081579c0+0x11d4]
J 1146 C1 sun.reflect.DelegatingMethodAccessorImpl.invoke(Ljava/lang/Object;[Ljava/lang/Object;)Ljava/lang/Object; (10 bytes) @ 0x000000010811e48c [0x000000010811e380+0x10c]
J 1145 C1 java.lang.reflect.Method.invoke(Ljava/lang/Object;[Ljava/lang/Object;)Ljava/lang/Object; (62 bytes) @ 0x000000010811ec5c [0x000000010811e860+0x3fc]
j  sun.rmi.server.UnicastServerRef.dispatch(Ljava/rmi/Remote;Ljava/rmi/server/RemoteCall;)V+231
j  sun.rmi.transport.Transport$1.run()Ljava/lang/Void;+23
j  sun.rmi.transport.Transport$1.run()Ljava/lang/Object;+1
v  ~StubRoutines::call_stub
J 188  java.security.AccessController.doPrivileged(Ljava/security/PrivilegedExceptionAction;Ljava/security/AccessControlContext;)Ljava/lang/Object; (0 bytes) @ 0x0000000107f09823 [0x0000000107f097c0+0x63]
j  sun.rmi.transport.Transport.serviceCall(Ljava/rmi/server/RemoteCall;)Z+157
j  sun.rmi.transport.tcp.TCPTransport.handleMessages(Lsun/rmi/transport/Connection;Z)V+185
j  sun.rmi.transport.tcp.TCPTransport$ConnectionHandler.run0()V+680
j  sun.rmi.transport.tcp.TCPTransport$ConnectionHandler.lambda$run$0()Ljava/lang/Void;+1
j  sun.rmi.transport.tcp.TCPTransport$ConnectionHandler$$Lambda$6.run()Ljava/lang/Object;+4
v  ~StubRoutines::call_stub
J 7382  java.security.AccessController.doPrivileged(Ljava/security/PrivilegedAction;Ljava/security/AccessControlContext;)Ljava/lang/Object; (0 bytes) @ 0x0000000107f05fa3 [0x0000000107f05f40+0x63]
j  sun.rmi.transport.tcp.TCPTransport$ConnectionHandler.run()V+58
j  java.util.concurrent.ThreadPoolExecutor.runWorker(Ljava/util/concurrent/ThreadPoolExecutor$Worker;)V+95
j  java.util.concurrent.ThreadPoolExecutor$Worker.run()V+5
j  java.lang.Thread.run()V+11
v  ~StubRoutines::call_stub

---------------  P R O C E S S  ---------------

Java Threads: ( => current thread )
  0x00007ff0f1d83000 JavaThread "RMI RenewClean-[127.0.0.1:65345,org.jetbrains.kotlin.daemon.common.LoopbackNetworkInterface$ClientLoopbackSocketFactory@74a17338]" daemon [_thread_blocked, id=29443, stack(0x000070000bced000,0x000070000bded000)]
=>0x00007ff0f02a3000 JavaThread "RMI TCP Connection(13)-127.0.0.1" daemon [_thread_in_native, id=28931, stack(0x000070000bbea000,0x000070000bcea000)]
  0x00007ff0ef848800 JavaThread "RMI TCP Connection(12)-127.0.0.1" daemon [_thread_in_native, id=5127, stack(0x000070000b9e4000,0x000070000bae4000)]
  0x00007ff0f055f800 JavaThread "RMI TCP Connection(11)-127.0.0.1" daemon [_thread_in_native, id=26631, stack(0x000070000b6db000,0x000070000b7db000)]
  0x00007ff0efb31000 JavaThread "RMI TCP Connection(10)-127.0.0.1" daemon [_thread_in_native, id=24583, stack(0x000070000b5d8000,0x000070000b6d8000)]
  0x00007ff0ed9bd800 JavaThread "RMI TCP Connection(9)-127.0.0.1" daemon [_thread_in_native, id=27655, stack(0x000070000b4d5000,0x000070000b5d5000)]
  0x00007ff0ee2f6000 JavaThread "RMI TCP Connection(7)-127.0.0.1" daemon [_thread_in_native, id=26119, stack(0x000070000b2cf000,0x000070000b3cf000)]
  0x00007ff0f01c8000 JavaThread "RMI RenewClean-[127.0.0.1:65345,org.jetbrains.kotlin.daemon.common.LoopbackNetworkInterface$ClientLoopbackSocketFactory@7d80943a]" daemon [_thread_blocked, id=25607, stack(0x00007000098fe000,0x00007000099fe000)]
  0x00007ff0f0298000 JavaThread "RMI TCP Connection(5)-127.0.0.1" daemon [_thread_in_native, id=27139, stack(0x000070000b7de000,0x000070000b8de000)]
  0x00007ff0eb2a4800 JavaThread "RMI TCP Connection(8)-127.0.0.1" daemon [_thread_in_native, id=23047, stack(0x000070000afc6000,0x000070000b0c6000)]
  0x00007ff0ec19b800 JavaThread "RMI Scheduler(0)" daemon [_thread_blocked, id=25091, stack(0x000070000b3d2000,0x000070000b4d2000)]
  0x00007ff0ed068800 JavaThread "DestroyJavaVM" [_thread_blocked, id=6915, stack(0x0000700009a87000,0x0000700009b87000)]
  0x00007ff0eb9cb000 JavaThread "GC Daemon" daemon [_thread_blocked, id=24067, stack(0x000070000b1cc000,0x000070000b2cc000)]
  0x00007ff0eb9c8000 JavaThread "RMI Reaper" [_thread_blocked, id=23555, stack(0x000070000b0c9000,0x000070000b1c9000)]
  0x00007ff0eb0b8000 JavaThread "Timer-0" daemon [_thread_blocked, id=22531, stack(0x000070000aec3000,0x000070000afc3000)]
  0x00007ff0eb0b7000 JavaThread "RMI TCP Accept-17091" daemon [_thread_in_native, id=22019, stack(0x000070000adc0000,0x000070000aec0000)]
  0x00007ff0eb027000 JavaThread "Service Thread" daemon [_thread_blocked, id=20995, stack(0x000070000abba000,0x000070000acba000)]
  0x00007ff0eb01c000 JavaThread "C1 CompilerThread3" daemon [_thread_blocked, id=20483, stack(0x000070000aab7000,0x000070000abb7000)]
  0x00007ff0eb01b800 JavaThread "C2 CompilerThread2" daemon [_thread_in_native, id=19971, stack(0x000070000a9b4000,0x000070000aab4000)]
  0x00007ff0eb01a800 JavaThread "C2 CompilerThread1" daemon [_thread_in_native, id=19459, stack(0x000070000a8b1000,0x000070000a9b1000)]
  0x00007ff0ec02e000 JavaThread "C2 CompilerThread0" daemon [_thread_in_native, id=18947, stack(0x000070000a7ae000,0x000070000a8ae000)]
  0x00007ff0ec00b800 JavaThread "Signal Dispatcher" daemon [_thread_blocked, id=18439, stack(0x000070000a6ab000,0x000070000a7ab000)]
  0x00007ff0eb02f800 JavaThread "Finalizer" daemon [_thread_blocked, id=15107, stack(0x000070000a5a8000,0x000070000a6a8000)]
  0x00007ff0eb02c800 JavaThread "Reference Handler" daemon [_thread_blocked, id=14595, stack(0x000070000a4a5000,0x000070000a5a5000)]

Other Threads:
  0x00007ff0eb017800 VMThread [stack: 0x000070000a3a2000,0x000070000a4a2000] [id=14083]
  0x00007ff0ee800000 WatcherThread [stack: 0x000070000acbd000,0x000070000adbd000] [id=21507]

VM state:not at safepoint (normal execution)

VM Mutex/Monitor currently owned by a thread: None

Heap:
 PSYoungGen      total 295424K, used 196664K [0x00000007aab00000, 0x00000007c0000000, 0x00000007c0000000)
  eden space 245760K, 65% used [0x00000007aab00000,0x00000007b492bad8,0x00000007b9b00000)
  from space 49664K, 69% used [0x00000007bcf80000,0x00000007bf162880,0x00000007c0000000)
  to   space 51712K, 0% used [0x00000007b9b00000,0x00000007b9b00000,0x00000007bcd80000)
 ParOldGen       total 243200K, used 46265K [0x0000000780000000, 0x000000078ed80000, 0x00000007aab00000)
  object space 243200K, 19% used [0x0000000780000000,0x0000000782d2e520,0x000000078ed80000)
 Metaspace       used 61690K, capacity 62886K, committed 63192K, reserved 1103872K
  class space    used 7578K, capacity 7847K, committed 7896K, reserved 1048576K

Card table byte_map: [0x000000010796c000,0x0000000107b6d000] byte_map_base: 0x0000000103d6c000

Marking Bits: (ParMarkBitMap*) 0x0000000106ef66c0
 Begin Bits: [0x0000000116d86000, 0x0000000117d86000)
 End Bits:   [0x0000000117d86000, 0x0000000118d86000)

Polling page: 0x0000000105475000

CodeCache: size=245760Kb used=37339Kb max_used=37350Kb free=208420Kb
 bounds [0x0000000107d86000, 0x000000010a226000, 0x0000000116d86000]
 total_blobs=10859 nmethods=10294 adapters=476
 compilation: enabled

Compilation events (10 events):
Event: 94.586 Thread 0x00007ff0eb01c000 nmethod 11742 0x000000010a1f99d0 code [0x000000010a1f9b80, 0x000000010a1fa0b8]
Event: 94.586 Thread 0x00007ff0eb01c000 11744       3       org.jetbrains.kotlin.resolve.TypeResolver::resolveTypeForClassifier (288 bytes)
Event: 94.588 Thread 0x00007ff0eb01c000 nmethod 11744 0x000000010a1fa210 code [0x000000010a1fa6a0, 0x000000010a1fd1d8]
Event: 94.588 Thread 0x00007ff0eb01c000 11748       3       org.jetbrains.kotlin.resolve.AnnotationResolver::resolveAnnotationsWithoutArguments (21 bytes)
Event: 94.588 Thread 0x00007ff0eb01c000 nmethod 11748 0x000000010a1fe590 code [0x000000010a1fe780, 0x000000010a1fee68]
Event: 94.588 Thread 0x00007ff0eb01c000 11750       3       org.jetbrains.kotlin.resolve.BindingContext$2::computeValue (16 bytes)
Event: 94.589 Thread 0x00007ff0eb01c000 nmethod 11750 0x000000010a1ff190 code [0x000000010a1ff320, 0x000000010a1ff708]
Event: 94.589 Thread 0x00007ff0eb01c000 11751       3       org.jetbrains.kotlin.resolve.BindingContext$2::computeValue (224 bytes)
Event: 94.590 Thread 0x00007ff0eb01c000 nmethod 11751 0x000000010a1ff810 code [0x000000010a1ffd00, 0x000000010a2030c8]
Event: 94.590 Thread 0x00007ff0eb01c000 11753       3       org.jetbrains.kotlin.resolve.TypeResolver::collectArgumentsForClassifierTypeConstructor (986 bytes)

GC Heap History (10 events):
Event: 91.055 GC heap before
{Heap before GC invocations=12 (full 3):
 PSYoungGen      total 230912K, used 230881K [0x00000007aab00000, 0x00000007bbc80000, 0x00000007c0000000)
  eden space 200192K, 100% used [0x00000007aab00000,0x00000007b6e80000,0x00000007b6e80000)
  from space 30720K, 99% used [0x00000007b9200000,0x00000007baff8790,0x00000007bb000000)
  to   space 36352K, 0% used [0x00000007b6e80000,0x00000007b6e80000,0x00000007b9200000)
 ParOldGen       total 183808K, used 38400K [0x0000000780000000, 0x000000078b380000, 0x00000007aab00000)
  object space 183808K, 20% used [0x0000000780000000,0x0000000782580018,0x000000078b380000)
 Metaspace       used 56969K, capacity 58020K, committed 58456K, reserved 1099776K
  class space    used 7163K, capacity 7402K, committed 7512K, reserved 1048576K
Event: 91.085 GC heap after
Heap after GC invocations=12 (full 3):
 PSYoungGen      total 236544K, used 32333K [0x00000007aab00000, 0x00000007bfa00000, 0x00000007c0000000)
  eden space 200192K, 0% used [0x00000007aab00000,0x00000007aab00000,0x00000007b6e80000)
  from space 36352K, 88% used [0x00000007b6e80000,0x00000007b8e13608,0x00000007b9200000)
  to   space 40960K, 0% used [0x00000007bd200000,0x00000007bd200000,0x00000007bfa00000)
 ParOldGen       total 183808K, used 38408K [0x0000000780000000, 0x000000078b380000, 0x00000007aab00000)
  object space 183808K, 20% used [0x0000000780000000,0x0000000782582018,0x000000078b380000)
 Metaspace       used 56969K, capacity 58020K, committed 58456K, reserved 1099776K
  class space    used 7163K, capacity 7402K, committed 7512K, reserved 1048576K
}
Event: 91.386 GC heap before
{Heap before GC invocations=13 (full 3):
 PSYoungGen      total 236544K, used 110310K [0x00000007aab00000, 0x00000007bfa00000, 0x00000007c0000000)
  eden space 200192K, 38% used [0x00000007aab00000,0x00000007af7262c8,0x00000007b6e80000)
  from space 36352K, 88% used [0x00000007b6e80000,0x00000007b8e13608,0x00000007b9200000)
  to   space 40960K, 0% used [0x00000007bd200000,0x00000007bd200000,0x00000007bfa00000)
 ParOldGen       total 183808K, used 38408K [0x0000000780000000, 0x000000078b380000, 0x00000007aab00000)
  object space 183808K, 20% used [0x0000000780000000,0x0000000782582018,0x000000078b380000)
 Metaspace       used 57586K, capacity 58682K, committed 58968K, reserved 1101824K
  class space    used 7210K, capacity 7511K, committed 7512K, reserved 1048576K
Event: 91.412 GC heap after
Heap after GC invocations=13 (full 3):
 PSYoungGen      total 292864K, used 40949K [0x00000007aab00000, 0x00000007c0000000, 0x00000007c0000000)
  eden space 251904K, 0% used [0x00000007aab00000,0x00000007aab00000,0x00000007ba100000)
  from space 40960K, 99% used [0x00000007bd200000,0x00000007bf9fd470,0x00000007bfa00000)
  to   space 48640K, 0% used [0x00000007ba100000,0x00000007ba100000,0x00000007bd080000)
 ParOldGen       total 183808K, used 42924K [0x0000000780000000, 0x000000078b380000, 0x00000007aab00000)
  object space 183808K, 23% used [0x0000000780000000,0x00000007829eb070,0x000000078b380000)
 Metaspace       used 57586K, capacity 58682K, committed 58968K, reserved 1101824K
  class space    used 7210K, capacity 7511K, committed 7512K, reserved 1048576K
}
Event: 91.412 GC heap before
{Heap before GC invocations=14 (full 4):
 PSYoungGen      total 292864K, used 40949K [0x00000007aab00000, 0x00000007c0000000, 0x00000007c0000000)
  eden space 251904K, 0% used [0x00000007aab00000,0x00000007aab00000,0x00000007ba100000)
  from space 40960K, 99% used [0x00000007bd200000,0x00000007bf9fd470,0x00000007bfa00000)
  to   space 48640K, 0% used [0x00000007ba100000,0x00000007ba100000,0x00000007bd080000)
 ParOldGen       total 183808K, used 42924K [0x0000000780000000, 0x000000078b380000, 0x00000007aab00000)
  object space 183808K, 23% used [0x0000000780000000,0x00000007829eb070,0x000000078b380000)
 Metaspace       used 57586K, capacity 58682K, committed 58968K, reserved 1101824K
  class space    used 7210K, capacity 7511K, committed 7512K, reserved 1048576K
Event: 91.519 GC heap after
Heap after GC invocations=14 (full 4):
 PSYoungGen      total 292864K, used 0K [0x00000007aab00000, 0x00000007c0000000, 0x00000007c0000000)
  eden space 251904K, 0% used [0x00000007aab00000,0x00000007aab00000,0x00000007ba100000)
  from space 40960K, 0% used [0x00000007bd200000,0x00000007bd200000,0x00000007bfa00000)
  to   space 48640K, 0% used [0x00000007ba100000,0x00000007ba100000,0x00000007bd080000)
 ParOldGen       total 243200K, used 46249K [0x0000000780000000, 0x000000078ed80000, 0x00000007aab00000)
  object space 243200K, 19% used [0x0000000780000000,0x0000000782d2a520,0x000000078ed80000)
 Metaspace       used 55269K, capacity 56108K, committed 58968K, reserved 1101824K
  class space    used 6916K, capacity 7158K, committed 7512K, reserved 1048576K
}
Event: 93.647 GC heap before
{Heap before GC invocations=15 (full 4):
 PSYoungGen      total 292864K, used 251904K [0x00000007aab00000, 0x00000007c0000000, 0x00000007c0000000)
  eden space 251904K, 100% used [0x00000007aab00000,0x00000007ba100000,0x00000007ba100000)
  from space 40960K, 0% used [0x00000007bd200000,0x00000007bd200000,0x00000007bfa00000)
  to   space 48640K, 0% used [0x00000007ba100000,0x00000007ba100000,0x00000007bd080000)
 ParOldGen       total 243200K, used 46249K [0x0000000780000000, 0x000000078ed80000, 0x00000007aab00000)
  object space 243200K, 19% used [0x0000000780000000,0x0000000782d2a520,0x000000078ed80000)
 Metaspace       used 60300K, capacity 61332K, committed 61784K, reserved 1103872K
  class space    used 7421K, capacity 7684K, committed 7768K, reserved 1048576K
Event: 93.673 GC heap after
Heap after GC invocations=15 (full 4):
 PSYoungGen      total 282112K, used 30178K [0x00000007aab00000, 0x00000007c0000000, 0x00000007c0000000)
  eden space 251904K, 0% used [0x00000007aab00000,0x00000007aab00000,0x00000007ba100000)
  from space 30208K, 99% used [0x00000007ba100000,0x00000007bbe78b28,0x00000007bbe80000)
  to   space 49664K, 0% used [0x00000007bcf80000,0x00000007bcf80000,0x00000007c0000000)
 ParOldGen       total 243200K, used 46257K [0x0000000780000000, 0x000000078ed80000, 0x00000007aab00000)
  object space 243200K, 19% used [0x0000000780000000,0x0000000782d2c520,0x000000078ed80000)
 Metaspace       used 60300K, capacity 61332K, committed 61784K, reserved 1103872K
  class space    used 7421K, capacity 7684K, committed 7768K, reserved 1048576K
}
Event: 94.502 GC heap before
{Heap before GC invocations=16 (full 4):
 PSYoungGen      total 282112K, used 265349K [0x00000007aab00000, 0x00000007c0000000, 0x00000007c0000000)
  eden space 251904K, 93% used [0x00000007aab00000,0x00000007b90a8b88,0x00000007ba100000)
  from space 30208K, 99% used [0x00000007ba100000,0x00000007bbe78b28,0x00000007bbe80000)
  to   space 49664K, 0% used [0x00000007bcf80000,0x00000007bcf80000,0x00000007c0000000)
 ParOldGen       total 243200K, used 46257K [0x0000000780000000, 0x000000078ed80000, 0x00000007aab00000)
  object space 243200K, 19% used [0x0000000780000000,0x0000000782d2c520,0x000000078ed80000)
 Metaspace       used 60991K, capacity 62140K, committed 62296K, reserved 1103872K
  class space    used 7463K, capacity 7708K, committed 7768K, reserved 1048576K
Event: 94.514 GC heap after
Heap after GC invocations=16 (full 4):
 PSYoungGen      total 295424K, used 34698K [0x00000007aab00000, 0x00000007c0000000, 0x00000007c0000000)
  eden space 245760K, 0% used [0x00000007aab00000,0x00000007aab00000,0x00000007b9b00000)
  from space 49664K, 69% used [0x00000007bcf80000,0x00000007bf162880,0x00000007c0000000)
  to   space 51712K, 0% used [0x00000007b9b00000,0x00000007b9b00000,0x00000007bcd80000)
 ParOldGen       total 243200K, used 46265K [0x0000000780000000, 0x000000078ed80000, 0x00000007aab00000)
  object space 243200K, 19% used [0x0000000780000000,0x0000000782d2e520,0x000000078ed80000)
 Metaspace       used 60991K, capacity 62140K, committed 62296K, reserved 1103872K
  class space    used 7463K, capacity 7708K, committed 7768K, reserved 1048576K
}

Deoptimization events (10 events):
Event: 94.482 Thread 0x00007ff0f02a3000 Uncommon trap: reason=class_check action=maybe_recompile pc=0x0000000108032e6c method=org.jetbrains.kotlin.com.intellij.lang.java.lexer.JavaLexer._locateToken()V @ 60
Event: 94.483 Thread 0x00007ff0f02a3000 Uncommon trap: reason=bimorphic action=maybe_recompile pc=0x00000001094a90e4 method=org.jetbrains.kotlin.com.intellij.psi.impl.source.tree.CompositeElement.walkCachingLength()I @ 17
Event: 94.483 Thread 0x00007ff0f02a3000 Uncommon trap: reason=bimorphic action=maybe_recompile pc=0x00000001094a90e4 method=org.jetbrains.kotlin.com.intellij.psi.impl.source.tree.CompositeElement.walkCachingLength()I @ 17
Event: 94.483 Thread 0x00007ff0f02a3000 Uncommon trap: reason=bimorphic action=maybe_recompile pc=0x00000001094a90e4 method=org.jetbrains.kotlin.com.intellij.psi.impl.source.tree.CompositeElement.walkCachingLength()I @ 17
Event: 94.484 Thread 0x00007ff0f02a3000 Uncommon trap: reason=class_check action=maybe_recompile pc=0x0000000109352e24 method=org.jetbrains.kotlin.com.intellij.extapi.psi.StubBasedPsiElementBase.getStubOrPsiChild(Lorg/jetbrains/kotlin/com/intellij/psi/stubs/IStubElementType;)Lorg/jetbrains/kotl
Event: 94.485 Thread 0x00007ff0f02a3000 Uncommon trap: reason=class_check action=maybe_recompile pc=0x0000000109352e24 method=org.jetbrains.kotlin.com.intellij.extapi.psi.StubBasedPsiElementBase.getStubOrPsiChild(Lorg/jetbrains/kotlin/com/intellij/psi/stubs/IStubElementType;)Lorg/jetbrains/kotl
Event: 94.488 Thread 0x00007ff0f02a3000 Uncommon trap: reason=class_check action=maybe_recompile pc=0x0000000109352e24 method=org.jetbrains.kotlin.com.intellij.extapi.psi.StubBasedPsiElementBase.getStubOrPsiChild(Lorg/jetbrains/kotlin/com/intellij/psi/stubs/IStubElementType;)Lorg/jetbrains/kotl
Event: 94.488 Thread 0x00007ff0f02a3000 Uncommon trap: reason=class_check action=maybe_recompile pc=0x0000000109352e24 method=org.jetbrains.kotlin.com.intellij.extapi.psi.StubBasedPsiElementBase.getStubOrPsiChild(Lorg/jetbrains/kotlin/com/intellij/psi/stubs/IStubElementType;)Lorg/jetbrains/kotl
Event: 94.521 Thread 0x00007ff0f02a3000 Uncommon trap: reason=unstable_if action=reinterpret pc=0x0000000108e276dc method=org.jetbrains.kotlin.com.intellij.util.containers.FactoryMap.notNull(Ljava/lang/Object;)Ljava/lang/Object; @ 1
Event: 94.531 Thread 0x00007ff0f02a3000 Uncommon trap: reason=unstable_if action=reinterpret pc=0x0000000108daec90 method=org.jetbrains.kotlin.com.intellij.util.containers.FactoryMap.notNull(Ljava/lang/Object;)Ljava/lang/Object; @ 1

Classes redefined (0 events):
No events

Internal exceptions (10 events):
Event: 91.691 Thread 0x00007ff0f1b9b800 Exception <a 'java/lang/InterruptedException'> (0x00000007aba3c3a0) thrown at [/Users/java_re/workspace/8-2-build-macosx-x86_64/jdk8u152/9742/hotspot/src/share/vm/runtime/objectMonitor.cpp, line 1684]
Event: 91.699 Thread 0x00007ff0ee2f6000 Exception <a 'sun/nio/fs/UnixException'> (0x00000007aba107b0) thrown at [/Users/java_re/workspace/8-2-build-macosx-x86_64/jdk8u152/9742/hotspot/src/share/vm/prims/jni.cpp, line 709]
Event: 92.451 Thread 0x00007ff0ee2f6000 Implicit null exception at 0x00000001098cebd7 to 0x00000001098cf0d1
Event: 92.773 Thread 0x00007ff0ee2f6000 Implicit null exception at 0x0000000109acb780 to 0x0000000109ad0d19
Event: 92.832 Thread 0x00007ff0ee2f6000 Implicit null exception at 0x0000000109b84210 to 0x0000000109b84279
Event: 93.962 Thread 0x00007ff0f0b95000 Exception <a 'java/lang/InterruptedException'> (0x00000007accbb508) thrown at [/Users/java_re/workspace/8-2-build-macosx-x86_64/jdk8u152/9742/hotspot/src/share/vm/runtime/objectMonitor.cpp, line 1684]
Event: 94.206 Thread 0x00007ff0f1d83000 Exception <a 'java/lang/InterruptedException'> (0x00000007aff6feb0) thrown at [/Users/java_re/workspace/8-2-build-macosx-x86_64/jdk8u152/9742/hotspot/src/share/vm/runtime/objectMonitor.cpp, line 1684]
Event: 94.232 Thread 0x00007ff0f02a3000 Exception <a 'sun/nio/fs/UnixException'> (0x00000007b0146350) thrown at [/Users/java_re/workspace/8-2-build-macosx-x86_64/jdk8u152/9742/hotspot/src/share/vm/prims/jni.cpp, line 709]
Event: 94.544 Thread 0x00007ff0f02a3000 Exception <a 'java/lang/NoSuchMethodError': java.lang.Object.lambda$static$0(I)[Lorg/jetbrains/kotlin/com/intellij/psi/PsiJavaCodeReferenceElement;> (0x00000007ad8951a8) thrown at [/Users/java_re/workspace/8-2-build-macosx-x86_64/jdk8u152/9742/hotspot/src
Event: 94.561 Thread 0x00007ff0f02a3000 Exception <a 'java/lang/NoSuchMethodError': java.lang.Object.lambda$static$0(I)[Lorg/jetbrains/kotlin/com/intellij/psi/PsiImportStatementBase;> (0x00000007ad946d70) thrown at [/Users/java_re/workspace/8-2-build-macosx-x86_64/jdk8u152/9742/hotspot/src/shar

Events (10 events):
Event: 94.581 loading class org/jetbrains/kotlin/asJava/elements/KotlinLightTypeParameterListBuilder
Event: 94.581 loading class org/jetbrains/kotlin/asJava/elements/KotlinLightTypeParameterListBuilder done
Event: 94.581 loading class org/jetbrains/kotlin/com/intellij/psi/impl/light/LightTypeParameterListBuilder
Event: 94.581 loading class org/jetbrains/kotlin/com/intellij/psi/impl/light/LightTypeParameterListBuilder done
Event: 94.591 loading class org/jetbrains/kotlin/kapt3/AbstractKapt3Extension$analysisCompleted$1
Event: 94.591 loading class org/jetbrains/kotlin/kapt3/AbstractKapt3Extension$analysisCompleted$1 done
Event: 94.591 loading class kotlin/jvm/functions/Function0
Event: 94.591 loading class kotlin/jvm/functions/Function0 done
Event: 94.591 loading class kotlin/jvm/internal/Lambda
Event: 94.591 loading class kotlin/jvm/internal/Lambda done


Dynamic libraries:
0x00000000259c8000 	/System/Library/Frameworks/Cocoa.framework/Versions/A/Cocoa
0x00000000259c8000 	/System/Library/Frameworks/Security.framework/Versions/A/Security
0x00000000259c8000 	/System/Library/Frameworks/ApplicationServices.framework/Versions/A/ApplicationServices
0x00000000259c8000 	/usr/lib/libz.1.dylib
0x00000000259c8000 	/usr/lib/libSystem.B.dylib
0x00000000259c8000 	/usr/lib/libobjc.A.dylib
0x00000000259c8000 	/System/Library/Frameworks/CoreFoundation.framework/Versions/A/CoreFoundation
0x00000000259c8000 	/System/Library/Frameworks/Foundation.framework/Versions/C/Foundation
0x00000000259c8000 	/System/Library/Frameworks/AppKit.framework/Versions/C/AppKit
0x00000000259c8000 	/System/Library/Frameworks/CoreData.framework/Versions/A/CoreData
0x00000000259c8000 	/System/Library/PrivateFrameworks/RemoteViewServices.framework/Versions/A/RemoteViewServices
0x00000000259c8000 	/System/Library/PrivateFrameworks/UIFoundation.framework/Versions/A/UIFoundation
0x00000000259c8000 	/System/Library/PrivateFrameworks/DFRFoundation.framework/Versions/A/DFRFoundation
0x00000000259c8000 	/System/Library/Frameworks/Metal.framework/Versions/A/Metal
0x00000000259c8000 	/System/Library/PrivateFrameworks/DesktopServicesPriv.framework/Versions/A/DesktopServicesPriv
0x00000000259c8000 	/usr/lib/libenergytrace.dylib
0x00000000259c8000 	/System/Library/PrivateFrameworks/SkyLight.framework/Versions/A/SkyLight
0x00000000259c8000 	/System/Library/Frameworks/CoreGraphics.framework/Versions/A/CoreGraphics
0x00000000259c8000 	/usr/lib/libScreenReader.dylib
0x00000000259c8000 	/System/Library/Frameworks/Accelerate.framework/Versions/A/Accelerate
0x00000000259c8000 	/System/Library/Frameworks/IOSurface.framework/Versions/A/IOSurface
0x00000000259c8000 	/System/Library/Frameworks/AudioToolbox.framework/Versions/A/AudioToolbox
0x00000000259c8000 	/System/Library/Frameworks/AudioUnit.framework/Versions/A/AudioUnit
0x00000000259c8000 	/System/Library/PrivateFrameworks/DataDetectorsCore.framework/Versions/A/DataDetectorsCore
0x00000000259c8000 	/System/Library/Frameworks/Carbon.framework/Versions/A/Frameworks/HIToolbox.framework/Versions/A/HIToolbox
0x00000000259c8000 	/usr/lib/libicucore.A.dylib
0x00000000259c8000 	/System/Library/Frameworks/QuartzCore.framework/Versions/A/QuartzCore
0x00000000259c8000 	/System/Library/Frameworks/Carbon.framework/Versions/A/Frameworks/SpeechRecognition.framework/Versions/A/SpeechRecognition
0x00000000259c8000 	/usr/lib/libauto.dylib
0x00000000259c8000 	/usr/lib/libxml2.2.dylib
0x00000000259c8000 	/System/Library/PrivateFrameworks/CoreUI.framework/Versions/A/CoreUI
0x00000000259c8000 	/System/Library/Frameworks/CoreAudio.framework/Versions/A/CoreAudio
0x00000000259c8000 	/System/Library/Frameworks/DiskArbitration.framework/Versions/A/DiskArbitration
0x00000000259c8000 	/usr/lib/liblangid.dylib
0x00000000259c8000 	/System/Library/PrivateFrameworks/MultitouchSupport.framework/Versions/A/MultitouchSupport
0x00000000259c8000 	/System/Library/Frameworks/IOKit.framework/Versions/A/IOKit
0x00000000259c8000 	/usr/lib/libDiagnosticMessagesClient.dylib
0x00000000259c8000 	/System/Library/Frameworks/CoreServices.framework/Versions/A/CoreServices
0x00000000259c8000 	/System/Library/PrivateFrameworks/PerformanceAnalysis.framework/Versions/A/PerformanceAnalysis
0x00000000259c8000 	/System/Library/Frameworks/OpenGL.framework/Versions/A/OpenGL
0x00000000259c8000 	/System/Library/Frameworks/ColorSync.framework/Versions/A/ColorSync
0x00000000259c8000 	/System/Library/Frameworks/CoreImage.framework/Versions/A/CoreImage
0x00000000259c8000 	/System/Library/Frameworks/CoreText.framework/Versions/A/CoreText
0x00000000259c8000 	/System/Library/Frameworks/ImageIO.framework/Versions/A/ImageIO
0x00000000259c8000 	/System/Library/PrivateFrameworks/Backup.framework/Versions/A/Backup
0x00000000259c8000 	/usr/lib/libarchive.2.dylib
0x00000000259c8000 	/System/Library/Frameworks/CFNetwork.framework/Versions/A/CFNetwork
0x00000000259c8000 	/System/Library/Frameworks/SystemConfiguration.framework/Versions/A/SystemConfiguration
0x00000000259c8000 	/usr/lib/libCRFSuite.dylib
0x00000000259c8000 	/usr/lib/libc++.1.dylib
0x00000000259c8000 	/usr/lib/libc++abi.dylib
0x00000000259c8000 	/usr/lib/system/libcache.dylib
0x00000000259c8000 	/usr/lib/system/libcommonCrypto.dylib
0x00000000259c8000 	/usr/lib/system/libcompiler_rt.dylib
0x00000000259c8000 	/usr/lib/system/libcopyfile.dylib
0x00000000259c8000 	/usr/lib/system/libcorecrypto.dylib
0x00000000259c8000 	/usr/lib/system/libdispatch.dylib
0x00000000259c8000 	/usr/lib/system/libdyld.dylib
0x00000000259c8000 	/usr/lib/system/libkeymgr.dylib
0x00000000259c8000 	/usr/lib/system/liblaunch.dylib
0x00000000259c8000 	/usr/lib/system/libmacho.dylib
0x00000000259c8000 	/usr/lib/system/libquarantine.dylib
0x00000000259c8000 	/usr/lib/system/libremovefile.dylib
0x00000000259c8000 	/usr/lib/system/libsystem_asl.dylib
0x00000000259c8000 	/usr/lib/system/libsystem_blocks.dylib
0x00000000259c8000 	/usr/lib/system/libsystem_c.dylib
0x00000000259c8000 	/usr/lib/system/libsystem_configuration.dylib
0x00000000259c8000 	/usr/lib/system/libsystem_coreservices.dylib
0x00000000259c8000 	/usr/lib/system/libsystem_darwin.dylib
0x00000000259c8000 	/usr/lib/system/libsystem_dnssd.dylib
0x00000000259c8000 	/usr/lib/system/libsystem_info.dylib
0x00000000259c8000 	/usr/lib/system/libsystem_m.dylib
0x00000000259c8000 	/usr/lib/system/libsystem_malloc.dylib
0x00000000259c8000 	/usr/lib/system/libsystem_network.dylib
0x00000000259c8000 	/usr/lib/system/libsystem_networkextension.dylib
0x00000000259c8000 	/usr/lib/system/libsystem_notify.dylib
0x00000000259c8000 	/usr/lib/system/libsystem_sandbox.dylib
0x00000000259c8000 	/usr/lib/system/libsystem_secinit.dylib
0x00000000259c8000 	/usr/lib/system/libsystem_kernel.dylib
0x00000000259c8000 	/usr/lib/system/libsystem_platform.dylib
0x00000000259c8000 	/usr/lib/system/libsystem_pthread.dylib
0x00000000259c8000 	/usr/lib/system/libsystem_symptoms.dylib
0x00000000259c8000 	/usr/lib/system/libsystem_trace.dylib
0x00000000259c8000 	/usr/lib/system/libunwind.dylib
0x00000000259c8000 	/usr/lib/system/libxpc.dylib
0x00000000259c8000 	/usr/lib/closure/libclosured.dylib
0x00000000259c8000 	/usr/lib/libbsm.0.dylib
0x00000000259c8000 	/usr/lib/system/libkxld.dylib
0x00000000259c8000 	/usr/lib/libOpenScriptingUtil.dylib
0x00000000259c8000 	/usr/lib/libcoretls.dylib
0x00000000259c8000 	/usr/lib/libcoretls_cfhelpers.dylib
0x00000000259c8000 	/usr/lib/libpam.2.dylib
0x00000000259c8000 	/usr/lib/libsqlite3.dylib
0x00000000259c8000 	/usr/lib/libxar.1.dylib
0x00000000259c8000 	/usr/lib/libbz2.1.0.dylib
0x00000000259c8000 	/usr/lib/liblzma.5.dylib
0x00000000259c8000 	/usr/lib/libnetwork.dylib
0x00000000259c8000 	/usr/lib/libapple_nghttp2.dylib
0x00000000259c8000 	/usr/lib/libpcap.A.dylib
0x00000000259c8000 	/usr/lib/libboringssl.dylib
0x00000000259c8000 	/usr/lib/libusrtcp.dylib
0x00000000259c8000 	/usr/lib/libapple_crypto.dylib
0x00000000259c8000 	/System/Library/Frameworks/CoreServices.framework/Versions/A/Frameworks/FSEvents.framework/Versions/A/FSEvents
0x00000000259c8000 	/System/Library/Frameworks/CoreServices.framework/Versions/A/Frameworks/CarbonCore.framework/Versions/A/CarbonCore
0x00000000259c8000 	/System/Library/Frameworks/CoreServices.framework/Versions/A/Frameworks/Metadata.framework/Versions/A/Metadata
0x00000000259c8000 	/System/Library/Frameworks/CoreServices.framework/Versions/A/Frameworks/OSServices.framework/Versions/A/OSServices
0x00000000259c8000 	/System/Library/Frameworks/CoreServices.framework/Versions/A/Frameworks/SearchKit.framework/Versions/A/SearchKit
0x00000000259c8000 	/System/Library/Frameworks/CoreServices.framework/Versions/A/Frameworks/AE.framework/Versions/A/AE
0x00000000259c8000 	/System/Library/Frameworks/CoreServices.framework/Versions/A/Frameworks/LaunchServices.framework/Versions/A/LaunchServices
0x00000000259c8000 	/System/Library/Frameworks/CoreServices.framework/Versions/A/Frameworks/DictionaryServices.framework/Versions/A/DictionaryServices
0x00000000259c8000 	/System/Library/Frameworks/CoreServices.framework/Versions/A/Frameworks/SharedFileList.framework/Versions/A/SharedFileList
0x00000000259c8000 	/System/Library/Frameworks/NetFS.framework/Versions/A/NetFS
0x00000000259c8000 	/System/Library/PrivateFrameworks/NetAuth.framework/Versions/A/NetAuth
0x00000000259c8000 	/System/Library/PrivateFrameworks/login.framework/Versions/A/Frameworks/loginsupport.framework/Versions/A/loginsupport
0x00000000259c8000 	/System/Library/PrivateFrameworks/TCC.framework/Versions/A/TCC
0x00000000259c8000 	/usr/lib/libmecabra.dylib
0x00000000259c8000 	/System/Library/Frameworks/ApplicationServices.framework/Versions/A/Frameworks/ATS.framework/Versions/A/ATS
0x00000000259c8000 	/System/Library/Frameworks/ApplicationServices.framework/Versions/A/Frameworks/ColorSyncLegacy.framework/Versions/A/ColorSyncLegacy
0x00000000259c8000 	/System/Library/Frameworks/ApplicationServices.framework/Versions/A/Frameworks/HIServices.framework/Versions/A/HIServices
0x00000000259c8000 	/System/Library/Frameworks/ApplicationServices.framework/Versions/A/Frameworks/LangAnalysis.framework/Versions/A/LangAnalysis
0x00000000259c8000 	/System/Library/Frameworks/ApplicationServices.framework/Versions/A/Frameworks/PrintCore.framework/Versions/A/PrintCore
0x00000000259c8000 	/System/Library/Frameworks/ApplicationServices.framework/Versions/A/Frameworks/QD.framework/Versions/A/QD
0x00000000259c8000 	/System/Library/Frameworks/ApplicationServices.framework/Versions/A/Frameworks/SpeechSynthesis.framework/Versions/A/SpeechSynthesis
0x00000000259c8000 	/System/Library/Frameworks/CoreDisplay.framework/Versions/A/CoreDisplay
0x00000000259c8000 	/System/Library/Frameworks/Accelerate.framework/Versions/A/Frameworks/vImage.framework/Versions/A/vImage
0x00000000259c8000 	/System/Library/Frameworks/Accelerate.framework/Versions/A/Frameworks/vecLib.framework/Versions/A/vecLib
0x00000000259c8000 	/System/Library/Frameworks/Accelerate.framework/Versions/A/Frameworks/vecLib.framework/Versions/A/libvDSP.dylib
0x00000000259c8000 	/System/Library/Frameworks/Accelerate.framework/Versions/A/Frameworks/vecLib.framework/Versions/A/libBNNS.dylib
0x00000000259c8000 	/System/Library/Frameworks/Accelerate.framework/Versions/A/Frameworks/vecLib.framework/Versions/A/libQuadrature.dylib
0x00000000259c8000 	/System/Library/Frameworks/Accelerate.framework/Versions/A/Frameworks/vecLib.framework/Versions/A/libvMisc.dylib
0x00000000259c8000 	/System/Library/Frameworks/Accelerate.framework/Versions/A/Frameworks/vecLib.framework/Versions/A/libLAPACK.dylib
0x00000000259c8000 	/System/Library/Frameworks/Accelerate.framework/Versions/A/Frameworks/vecLib.framework/Versions/A/libBLAS.dylib
0x00000000259c8000 	/System/Library/Frameworks/Accelerate.framework/Versions/A/Frameworks/vecLib.framework/Versions/A/libLinearAlgebra.dylib
0x00000000259c8000 	/System/Library/Frameworks/Accelerate.framework/Versions/A/Frameworks/vecLib.framework/Versions/A/libSparse.dylib
0x00000000259c8000 	/System/Library/Frameworks/Accelerate.framework/Versions/A/Frameworks/vecLib.framework/Versions/A/libSparseBLAS.dylib
0x00000000259c8000 	/System/Library/PrivateFrameworks/IOAccelerator.framework/Versions/A/IOAccelerator
0x00000000259c8000 	/System/Library/PrivateFrameworks/IOPresentment.framework/Versions/A/IOPresentment
0x00000000259c8000 	/System/Library/PrivateFrameworks/DSExternalDisplay.framework/Versions/A/DSExternalDisplay
0x00000000259c8000 	/System/Library/Frameworks/OpenGL.framework/Versions/A/Libraries/libCoreFSCache.dylib
0x00000000259c8000 	/System/Library/Frameworks/CoreVideo.framework/Versions/A/CoreVideo
0x00000000259c8000 	/System/Library/PrivateFrameworks/GraphVisualizer.framework/Versions/A/GraphVisualizer
0x00000000259c8000 	/System/Library/Frameworks/MetalPerformanceShaders.framework/Versions/A/MetalPerformanceShaders
0x00000000259c8000 	/usr/lib/libFosl_dynamic.dylib
0x00000000259c8000 	/System/Library/PrivateFrameworks/FaceCore.framework/Versions/A/FaceCore
0x00000000259c8000 	/System/Library/Frameworks/OpenCL.framework/Versions/A/OpenCL
0x00000000259c8000 	/usr/lib/libcompression.dylib
0x00000000259c8000 	/System/Library/Frameworks/ApplicationServices.framework/Versions/A/Frameworks/ATS.framework/Versions/A/Resources/libFontParser.dylib
0x00000000259c8000 	/System/Library/Frameworks/ApplicationServices.framework/Versions/A/Frameworks/ATS.framework/Versions/A/Resources/libFontRegistry.dylib
0x00000000259c8000 	/System/Library/Frameworks/ImageIO.framework/Versions/A/Resources/libJPEG.dylib
0x00000000259c8000 	/System/Library/Frameworks/ImageIO.framework/Versions/A/Resources/libTIFF.dylib
0x00000000259c8000 	/System/Library/Frameworks/ImageIO.framework/Versions/A/Resources/libPng.dylib
0x00000000259c8000 	/System/Library/Frameworks/ImageIO.framework/Versions/A/Resources/libGIF.dylib
0x00000000259c8000 	/System/Library/Frameworks/ImageIO.framework/Versions/A/Resources/libJP2.dylib
0x00000000259c8000 	/System/Library/Frameworks/ImageIO.framework/Versions/A/Resources/libRadiance.dylib
0x00000000259c8000 	/System/Library/PrivateFrameworks/AppleJPEG.framework/Versions/A/AppleJPEG
0x00000000259c8000 	/System/Library/PrivateFrameworks/MetalTools.framework/Versions/A/MetalTools
0x00000000259c8000 	/System/Library/Frameworks/MetalPerformanceShaders.framework/Frameworks/MPSCore.framework/Versions/A/MPSCore
0x00000000259c8000 	/System/Library/Frameworks/MetalPerformanceShaders.framework/Frameworks/MPSImage.framework/Versions/A/MPSImage
0x00000000259c8000 	/System/Library/Frameworks/MetalPerformanceShaders.framework/Frameworks/MPSMatrix.framework/Versions/A/MPSMatrix
0x00000000259c8000 	/System/Library/Frameworks/MetalPerformanceShaders.framework/Frameworks/MPSNeuralNetwork.framework/Versions/A/MPSNeuralNetwork
0x00000000259c8000 	/System/Library/Frameworks/OpenGL.framework/Versions/A/Libraries/libGLU.dylib
0x00000000259c8000 	/System/Library/Frameworks/OpenGL.framework/Versions/A/Libraries/libGFXShared.dylib
0x00000000259c8000 	/System/Library/Frameworks/OpenGL.framework/Versions/A/Libraries/libGL.dylib
0x00000000259c8000 	/System/Library/Frameworks/OpenGL.framework/Versions/A/Libraries/libGLImage.dylib
0x00000000259c8000 	/System/Library/Frameworks/OpenGL.framework/Versions/A/Libraries/libCVMSPluginSupport.dylib
0x00000000259c8000 	/System/Library/Frameworks/OpenGL.framework/Versions/A/Libraries/libCoreVMClient.dylib
0x00000000259c8000 	/usr/lib/libcups.2.dylib
0x00000000259c8000 	/System/Library/Frameworks/Kerberos.framework/Versions/A/Kerberos
0x00000000259c8000 	/System/Library/Frameworks/GSS.framework/Versions/A/GSS
0x00000000259c8000 	/usr/lib/libresolv.9.dylib
0x00000000259c8000 	/usr/lib/libiconv.2.dylib
0x00000000259c8000 	/System/Library/PrivateFrameworks/Heimdal.framework/Versions/A/Heimdal
0x00000000259c8000 	/usr/lib/libheimdal-asn1.dylib
0x00000000259c8000 	/System/Library/Frameworks/OpenDirectory.framework/Versions/A/OpenDirectory
0x00000000259c8000 	/System/Library/PrivateFrameworks/CommonAuth.framework/Versions/A/CommonAuth
0x00000000259c8000 	/System/Library/Frameworks/OpenDirectory.framework/Versions/A/Frameworks/CFOpenDirectory.framework/Versions/A/CFOpenDirectory
0x00000000259c8000 	/System/Library/Frameworks/SecurityFoundation.framework/Versions/A/SecurityFoundation
0x00000000259c8000 	/System/Library/PrivateFrameworks/APFS.framework/Versions/A/APFS
0x00000000259c8000 	/usr/lib/libutil.dylib
0x00000000259c8000 	/System/Library/PrivateFrameworks/AppleSauce.framework/Versions/A/AppleSauce
0x00000000259c8000 	/System/Library/PrivateFrameworks/LinguisticData.framework/Versions/A/LinguisticData
0x00000000259c8000 	/usr/lib/libmarisa.dylib
0x00000000259c8000 	/System/Library/PrivateFrameworks/Lexicon.framework/Versions/A/Lexicon
0x00000000259c8000 	/usr/lib/libChineseTokenizer.dylib
0x00000000259c8000 	/usr/lib/libcmph.dylib
0x00000000259c8000 	/System/Library/PrivateFrameworks/LanguageModeling.framework/Versions/A/LanguageModeling
0x00000000259c8000 	/System/Library/PrivateFrameworks/CoreEmoji.framework/Versions/A/CoreEmoji
0x00000000259c8000 	/System/Library/Frameworks/ServiceManagement.framework/Versions/A/ServiceManagement
0x00000000259c8000 	/System/Library/PrivateFrameworks/BackgroundTaskManagement.framework/Versions/A/BackgroundTaskManagement
0x00000000259c8000 	/usr/lib/libxslt.1.dylib
0x00000000259c8000 	/System/Library/Frameworks/Carbon.framework/Versions/A/Frameworks/Ink.framework/Versions/A/Ink
0x00000000259c8000 	/System/Library/PrivateFrameworks/TextureIO.framework/Versions/A/TextureIO
0x00000000259c8000 	/usr/lib/libate.dylib
0x00000000259c8000 	/System/Library/PrivateFrameworks/CrashReporterSupport.framework/Versions/A/CrashReporterSupport
0x00000000259c8000 	/System/Library/PrivateFrameworks/Sharing.framework/Versions/A/Sharing
0x00000000259c8000 	/System/Library/PrivateFrameworks/IconServices.framework/Versions/A/IconServices
0x00000000259c8000 	/System/Library/PrivateFrameworks/ProtocolBuffer.framework/Versions/A/ProtocolBuffer
0x00000000259c8000 	/System/Library/PrivateFrameworks/Apple80211.framework/Versions/A/Apple80211
0x00000000259c8000 	/System/Library/Frameworks/CoreWLAN.framework/Versions/A/CoreWLAN
0x00000000259c8000 	/System/Library/PrivateFrameworks/CoreUtils.framework/Versions/A/CoreUtils
0x00000000259c8000 	/System/Library/Frameworks/IOBluetooth.framework/Versions/A/IOBluetooth
0x00000000259c8000 	/System/Library/PrivateFrameworks/CoreWiFi.framework/Versions/A/CoreWiFi
0x00000000259c8000 	/System/Library/Frameworks/CoreBluetooth.framework/Versions/A/CoreBluetooth
0x00000000259c8000 	/System/Library/PrivateFrameworks/SignpostNotification.framework/Versions/A/SignpostNotification
0x00000000259c8000 	/System/Library/PrivateFrameworks/DebugSymbols.framework/Versions/A/DebugSymbols
0x00000000259c8000 	/System/Library/PrivateFrameworks/CoreSymbolication.framework/Versions/A/CoreSymbolication
0x00000000259c8000 	/System/Library/PrivateFrameworks/Symbolication.framework/Versions/A/Symbolication
0x00000000259c8000 	/System/Library/PrivateFrameworks/AppleFSCompression.framework/Versions/A/AppleFSCompression
0x00000000259c8000 	/System/Library/PrivateFrameworks/SpeechRecognitionCore.framework/Versions/A/SpeechRecognitionCore
0x0000000106600000 	/Library/Java/JavaVirtualMachines/jdk1.8.0_152.jdk/Contents/Home/jre/lib/server/libjvm.dylib
0x00000000259c8000 	/usr/lib/libstdc++.6.0.9.dylib
0x0000000105431000 	/Library/Java/JavaVirtualMachines/jdk1.8.0_152.jdk/Contents/Home/jre/lib/libverify.dylib
0x000000010543f000 	/Library/Java/JavaVirtualMachines/jdk1.8.0_152.jdk/Contents/Home/jre/lib/libjava.dylib
0x00000001054bf000 	/Library/Java/JavaVirtualMachines/jdk1.8.0_152.jdk/Contents/Home/jre/lib/libzip.dylib
0x000000011d2d4000 	/Library/Java/JavaVirtualMachines/jdk1.8.0_152.jdk/Contents/Home/jre/lib/libmanagement.dylib
0x000000011d2e2000 	/Library/Java/JavaVirtualMachines/jdk1.8.0_152.jdk/Contents/Home/jre/lib/libnio.dylib
0x000000011d2f2000 	/Library/Java/JavaVirtualMachines/jdk1.8.0_152.jdk/Contents/Home/jre/lib/./libnet.dylib
0x000000011d8ac000 	/private/var/folders/hx/_59pygmd0pbg6xfybxj4ngbc0000gn/T/jna-1941941083/jna4050699026645231232.tmp
0x00000000259c8000 	/System/Library/Frameworks/JavaVM.framework/Versions/A/JavaVM
0x00000000259c8000 	/System/Library/PrivateFrameworks/JavaLaunching.framework/Versions/A/JavaLaunching

VM Arguments:
jvm_args: -Djava.awt.headless=true -Djava.rmi.server.hostname=127.0.0.1 -Xmx1024m -XX:MaxPermSize=256m -Dkotlin.environment.keepalive 
java_command: org.jetbrains.kotlin.daemon.KotlinCompileDaemon --daemon-runFilesPath /Users/nicklas/Library/Application Support/kotlin/daemon --daemon-autoshutdownIdleSeconds=7200 --daemon-compilerClasspath /Users/nicklas/.gradle/caches/modules-2/files-2.1/org.jetbrains.kotlin/kotlin-compiler-embeddable/1.1.60/e0ea7c24d46acc433ece025023868bf9ffe5e437/kotlin-compiler-embeddable-1.1.60.jar:/Users/nicklas/.gradle/caches/modules-2/files-2.1/org.jetbrains.kotlin/kotlin-stdlib/1.1.60/ac63d0e86e690fe4eded7f1f8998996c28499989/kotlin-stdlib-1.1.60.jar:/Users/nicklas/.gradle/caches/modules-2/files-2.1/org.jetbrains.kotlin/kotlin-script-runtime/1.1.60/64c9714b95a3c6cc662c0b4185c6651d5bfb86c6/kotlin-script-runtime-1.1.60.jar:/Users/nicklas/.gradle/caches/modules-2/files-2.1/org.jetbrains.kotlin/kotlin-reflect/1.1.60/af5cabae2d352850b076213f358dc2150b14a812/kotlin-reflect-1.1.60.jar:/Library/Java/JavaVirtualMachines/jdk1.8.0_152.jdk/Contents/Home/lib/tools.jar
java_class_path (initial): /Users/nicklas/.gradle/caches/modules-2/files-2.1/org.jetbrains.kotlin/kotlin-compiler-embeddable/1.1.60/e0ea7c24d46acc433ece025023868bf9ffe5e437/kotlin-compiler-embeddable-1.1.60.jar:/Users/nicklas/.gradle/caches/modules-2/files-2.1/org.jetbrains.kotlin/kotlin-stdlib/1.1.60/ac63d0e86e690fe4eded7f1f8998996c28499989/kotlin-stdlib-1.1.60.jar:/Users/nicklas/.gradle/caches/modules-2/files-2.1/org.jetbrains.kotlin/kotlin-script-runtime/1.1.60/64c9714b95a3c6cc662c0b4185c6651d5bfb86c6/kotlin-script-runtime-1.1.60.jar:/Users/nicklas/.gradle/caches/modules-2/files-2.1/org.jetbrains.kotlin/kotlin-reflect/1.1.60/af5cabae2d352850b076213f358dc2150b14a812/kotlin-reflect-1.1.60.jar:/Library/Java/JavaVirtualMachines/jdk1.8.0_152.jdk/Contents/Home/lib/tools.jar
Launcher Type: SUN_STANDARD

Environment Variables:
PATH=/Users/nicklas/Library/Android/sdk/ndk-bundle:/Users/nicklas/Library/Android/sdk/platform-tools:/Users/nicklas/Library/Android/sdk/tools:/usr/local/bin:/usr/local/sbin:/Users/nicklas/.bin:/Users/nicklas/Dropbox/bin:/usr/local/lib/pebble/bin:/usr/local/texlive/2013/bin/x86_64-darwin:/Users/nicklas/Documents/Android/android-sdk/platform-tools:/usr/local/bin:/usr/local/sbin:/usr/bin:/bin:/usr/sbin:/sbin
SHELL=/bin/zsh

Signal Handlers:
SIGSEGV: [libjvm.dylib+0x5b494d], sa_mask[0]=11111111011111110111111111111111, sa_flags=SA_ONSTACK|SA_RESTART|SA_SIGINFO
SIGBUS: [libjvm.dylib+0x5b494d], sa_mask[0]=11111111011111110111111111111111, sa_flags=SA_RESTART|SA_SIGINFO
SIGFPE: [libjvm.dylib+0x48ab54], sa_mask[0]=11111111011111110111111111111111, sa_flags=SA_RESTART|SA_SIGINFO
SIGPIPE: [libjvm.dylib+0x48ab54], sa_mask[0]=11111111011111110111111111111111, sa_flags=SA_RESTART|SA_SIGINFO
SIGXFSZ: [libjvm.dylib+0x48ab54], sa_mask[0]=11111111011111110111111111111111, sa_flags=SA_RESTART|SA_SIGINFO
SIGILL: [libjvm.dylib+0x48ab54], sa_mask[0]=11111111011111110111111111111111, sa_flags=SA_RESTART|SA_SIGINFO
SIGUSR1: SIG_DFL, sa_mask[0]=00000000000000000000000000000000, sa_flags=SA_RESTART
SIGUSR2: [libjvm.dylib+0x48a672], sa_mask[0]=00100000000000000000000000000000, sa_flags=SA_RESTART|SA_SIGINFO
SIGHUP: [libjvm.dylib+0x488c49], sa_mask[0]=11111111011111110111111111111111, sa_flags=SA_RESTART|SA_SIGINFO
SIGINT: [libjvm.dylib+0x488c49], sa_mask[0]=11111111011111110111111111111111, sa_flags=SA_RESTART|SA_SIGINFO
SIGTERM: [libjvm.dylib+0x488c49], sa_mask[0]=11111111011111110111111111111111, sa_flags=SA_RESTART|SA_SIGINFO
SIGQUIT: [libjvm.dylib+0x488c49], sa_mask[0]=11111111011111110111111111111111, sa_flags=SA_RESTART|SA_SIGINFO


---------------  S Y S T E M  ---------------

OS:Bsduname:Darwin 17.2.0 Darwin Kernel Version 17.2.0: Fri Sep 29 18:27:05 PDT 2017; root:xnu-4570.20.62~3/RELEASE_X86_64 x86_64
rlimit: STACK 8192k, CORE 0k, NPROC 1418, NOFILE 10240, AS infinity
load average:4.97 3.99 3.35

CPU:total 8 (initial active 8) (4 cores per cpu, 2 threads per core) family 6 model 70 stepping 1, cmov, cx8, fxsr, mmx, sse, sse2, sse3, ssse3, sse4.1, sse4.2, popcnt, avx, avx2, aes, clmul, erms, rtm, lzcnt, ht, tsc, tscinvbit, bmi1, bmi2

Memory: 4k page, physical 16777216k(598764k free)

/proc/meminfo:


vm_info: Java HotSpot(TM) 64-Bit Server VM (25.152-b16) for bsd-amd64 JRE (1.8.0_152-b16), built on Sep 14 2017 02:31:13 by "java_re" with gcc 4.2.1 (Based on Apple Inc. build 5658) (LLVM build 2336.11.00)

time: Wed Nov 15 18:01:02 2017
elapsed time: 94 seconds (0d 0h 1m 34s)

